#
# There is insufficient memory for the Java Runtime Environment to continue.
# Native memory allocation (malloc) failed to allocate 808016 bytes for Chunk::new
# Possible reasons:
#   The system is out of physical RAM or swap space
#   The process is running with CompressedOops enabled, and the Java Heap may be blocking the growth of the native heap
# Possible solutions:
#   Reduce memory load on the system
#   Increase physical memory or swap space
#   Check if swap backing store is full
#   Decrease Java heap size (-Xmx/-Xms)
#   Decrease number of Java threads
#   Decrease Java thread stack sizes (-Xss)
#   Set larger code cache with -XX:ReservedCodeCacheSize=
#   JVM is running with Unscaled Compressed Oops mode in which the Java heap is
#     placed in the first 4GB address space. The Java Heap base address is the
#     maximum limit for the native heap growth. Please use -XX:HeapBaseMinAddress
#     to set the Java Heap base and to place the Java Heap above 4GB virtual address.
# This output file may be truncated or incomplete.
#
#  Out of Memory Error (arena.cpp:184), pid=15600, tid=14688
#
# JRE version: Java(TM) SE Runtime Environment (19.0.2+7) (build 19.0.2+7-44)
# Java VM: Java HotSpot(TM) 64-Bit Server VM (19.0.2+7-44, mixed mode, sharing, tiered, compressed oops, compressed class ptrs, g1 gc, windows-amd64)
# No core dump will be written. Minidumps are not enabled by default on client versions of Windows
#

---------------  S U M M A R Y ------------

Command Line: -Dmaven.multiModuleProjectDirectory=E:\IT access\backend-java org.apache.maven.wrapper.MavenWrapperMain spring-boot:run

Host: Intel(R) Core(TM) i7-5600U CPU @ 2.60GHz, 4 cores, 7G,  Windows 10 , 64 bit Build 19041 (10.0.19041.5915)
Time: Mon Apr 13 18:34:06 2026 Paris, Madrid (heure duild 19041 (10.0.19041.5915) elapsed time: 12.801649 seconds (0d 0h 0m 12s)

---------------  T H R E A D  ---------------

Current thread (0x0000012df1676ea0):  JavaThread "C2 CompilerThread0" daemon [_thread_in_native, id=14688, stack(0x0000000815a00000,0x0000000815b00000)]


Current CompileTask:
C2:  12801 2727       4       org.codehaus.plexus.util.xml.pull.MXParser::parseStartTag (1190 bytes)

Stack: [0x0000000815a00000,0x0000000815b00000]
Native frames: (J=compiled Java code, j=interpreted, Vv=VM code, C=native code)
V  [jvm.dll+0x6ee21a]
V  [jvm.dll+0x85765e]
V  [jvm.dll+0x85904e]
V  [jvm.dll+0x859703]
V  [jvm.dll+0x28298f]
V  [jvm.dll+0xc9adf]
V  [jvm.dll+0xc9e65]
V  [jvm.dll+0x3bca12]
V  [jvm.dll+0x3860e1]
V  [jvm.dll+0x38555a]
V  [jvm.dll+0x24c3d9]
V  [jvm.dll+0x24b781]
V  [jvm.dll+0x1d6ce1]
V  [jvm.dll+0x25b25a]
V  [jvm.dll+0x2596e8]
V  [jvm.dll+0x807588]
V  [jvm.dll+0x80125a]
V  [jvm.dll+0x6ecf0b]
C  [ucrtbase.dll+0x21bb2]
C  [KERNEL32.DLL+0x17374]
C  [ntdll.dll+0x4cc91]


---------------  P R O C E S S  ---------------

Threads class SMR info:
_java_thread_list=0x0000012df5ecb580, length=14, elements={
0x0000012dd3718640, 0x0000012df16682e0, 0x0000012df1669270, 0x0000012df166eef0,
0x0000012df1671bb0, 0x0000012df1673e30, 0x0000012df1674a40, 0x0000012df1676ea0,
0x0000012df167cd20, 0x0000012df1684f90, 0x0000012df5a01020, 0x0000012df5a059e0,
0x0000012df5f06770, 0x0000012df6b1a5d0
}

Java Threads: ( => current thread )
  0x0000012dd3718640 JavaThread "main" [_thread_in_native, id=16068, stack(0x0000000814d00000,0x0000000814e00000)]
  0x0000012df16682e0 JavaThread "Reference Handler" daemon [_thread_blocked, id=16100, stack(0x0000000815400000,0x0000000815500000)]
  0x0000012df1669270 JavaThread "Finalizer" daemon [_thread_blocked, id=13320, stack(0x0000000815500000,0x0000000815600000)]
  0x0000012df166eef0 JavaThread "Signal Dispatcher" daemon [_thread_blocked, id=13636, stack(0x0000000815600000,0x0000000815700000)]
  0x0000012df1671bb0 JavaThread "Attach Listener" daemon [_thread_blocked, id=13296, stack(0x0000000815700000,0x0000000815800000)]
  0x0000012df1673e30 JavaThread "Service Thread" daemon [_thread_blocked, id=16196, stack(0x0000000815800000,0x0000000815900000)]
  0x0000012df1674a40 JavaThread "Monitor Deflation Thread" daemon [_thread_blocked, id=12688, stack(0x0000000815900000,0x0000000815a00000)]
=>0x0000012df1676ea0 JavaThread "C2 CompilerThread0" daemon [_thread_in_native, id=14688, stack(0x0000000815a00000,0x0000000815b00000)]
  0x0000012df167cd20 JavaThread "C1 CompilerThread0" daemon [_thread_blocked, id=2628, stack(0x0000000815b00000,0x0000000815c00000)]
  0x0000012df1684f90 JavaThread "Sweeper thread" daemon [_thread_blocked, id=15800, stack(0x0000000815c00000,0x0000000815d00000)]
  0x0000012df5a01020 JavaThread "Notification Thread" daemon [_thread_blocked, id=16320, stack(0x0000000815d00000,0x0000000815e00000)]
  0x0000012df5a059e0 JavaThread "Common-Cleaner" daemon [_thread_blocked, id=11684, stack(0x0000000815f00000,0x0000000816000000)]
  0x0000012df5f06770 JavaThread "Thread-1" daemon [_thread_blocked, id=14212, stack(0x0000000816400000,0x0000000816500000)]
  0x0000012df6b1a5d0 JavaThread "C2 CompilerThread1" daemon [_thread_in_native, id=12372, stack(0x0000000816300000,0x0000000816400000)]

Other Threads:
  0x0000012df1650cd0 VMThread "VM Thread" [stack: 0x0000000815300000,0x0000000815400000] [id=10928]
  0x0000012df5a05580 WatcherThread "VM Periodic Task Thread" [stack: 0x0000000815e00000,0x0000000815f00000] [id=13748]
  0x0000012dd3776070 WorkerThread "GC Thread#0" [stack: 0x0000000814e00000,0x0000000814f00000] [id=3984]
  0x0000012df5ec3310 WorkerThread "GC Thread#1" [stack: 0x0000000816000000,0x0000000816100000] [id=1580]
  0x0000012df61c3830 WorkerThread "GC Thread#2" [stack: 0x0000000816100000,0x0000000816200000] [id=4916]
  0x0000012df61c40f0 WorkerThread "GC Thread#3" [stack: 0x0000000816200000,0x0000000816300000] [id=12844]
  0x0000012dd3786c10 ConcurrentGCThread "G1 Main Marker" [stack: 0x0000000814f00000,0x0000000815000000] [id=14160]
  0x0000012dd3787640 WorkerThread "G1 Conc#0" [stack: 0x0000000815000000,0x0000000815100000] [id=16108]
  0x0000012df150a0f0 ConcurrentGCThread "G1 Refine#0" [stack: 0x0000000815100000,0x0000000815200000] [id=12036]
  0x0000012df150aa40 ConcurrentGCThread "G1 Service" [stack: 0x0000000815200000,0x0000000815300000] [id=15700]

Threads with active compile tasks:
C2 CompilerThread0    14594 2727       4       org.codehaus.plexus.util.xml.pull.MXParser::parseStartTag (1190 bytes)
C2 CompilerThread1    14594 2811       4       java.util.HashMap::resize (356 bytes)

VM state: not at safepoint (normal execution)

VM Mutex/Monitor currently owned by a thread: None

Heap address: 0x0000000081e00000, size: 2018 MB, Compressed Oops mode: 32-bit

CDS archive(s) mapped at: [0x0000012d80000000-0x0000012d80c40000-0x0000012d80c40000), size 12845056, SharedBaseAddress: 0x0000012d80000000, ArchiveRelocationMode: 0.
Compressed class space mapped at: 0x0000012d81000000-0x0000012dc1000000, reserved size: 1073741824
Narrow klass base: 0x0000012d80000000, Narrow klass shift: 0, Narrow klass range: 0x100000000

GC Precious Log:
 CardTable entry size: 512
 Card Set container configuration: InlinePtr #cards 5 size 8 Array Of Cards #cards 12 size 40 Howl #buckets 4 coarsen threshold 1843 Howl Bitmap #cards 512 size 80 coarsen threshold 460 Card regions per heap region 1 cards per card region 2048
 CPUs: 4 total, 4 available
 Memory: 8067M
 Large Page Support: Disabled
 NUMA Support: Disabled
 Compressed Oops: Enabled (32-bit)
 Heap Region Size: 1M
 Heap Min Capacity: 8M
 Heap Initial Capacity: 128M
 Heap Max Capacity: 2018M
 Pre-touch: Disabled
 Parallel Workers: 4
 Concurrent Workers: 1
 Concurrent Refinement Workers: 4
 Periodic GC: Disabled

Heap:
 garbage-first heap   total 131072K, used 59362K [0x0000000081e00000, 0x0000000100000000)
  region size 1024K, 56 young (57344K), 1 survivors (1024K)
 Metaspace       used 15207K, committed 15424K, reserved 1114112K
  class space    used 1782K, committed 1856K, reserved 1048576K

Heap Regions: E=young(eden), S=young(survivor), O=old, HS=humongous(starts), HC=humongous(continues), CS=collection set, F=free, OA=open archive, CA=closed archive, TAMS=top-at-mark-start (previous, next)
|   0|0x0000000081e00000, 0x0000000081f00000, 0x0000000081f00000|100%| O|  |TAMS 0x0000000081e00000, 0x0000000081e00000| Untracked 
|   1|0x0000000081f00000, 0x0000000082000000, 0x0000000082000000|100%| O|  |TAMS 0x0000000081f00000, 0x0000000081f00000| Untracked 
|   2|0x0000000082000000, 0x0000000082100000, 0x0000000082100000|100%| O|  |TAMS 0x0000000082000000, 0x0000000082000000| Untracked 
|   3|0x0000000082100000, 0x0000000082130800, 0x0000000082200000| 18%| O|  |TAMS 0x0000000082100000, 0x0000000082100000| Untracked 
|   4|0x0000000082200000, 0x0000000082200000, 0x0000000082300000|  0%| F|  |TAMS 0x0000000082200000, 0x0000000082200000| Untracked 
|   5|0x0000000082300000, 0x0000000082300000, 0x0000000082400000|  0%| F|  |TAMS 0x0000000082300000, 0x0000000082300000| Untracked 
|   6|0x0000000082400000, 0x0000000082400000, 0x0000000082500000|  0%| F|  |TAMS 0x0000000082400000, 0x0000000082400000| Untracked 
|   7|0x0000000082500000, 0x0000000082500000, 0x0000000082600000|  0%| F|  |TAMS 0x0000000082500000, 0x0000000082500000| Untracked 
|   8|0x0000000082600000, 0x0000000082600000, 0x0000000082700000|  0%| F|  |TAMS 0x0000000082600000, 0x0000000082600000| Untracked 
|   9|0x0000000082700000, 0x0000000082700000, 0x0000000082800000|  0%| F|  |TAMS 0x0000000082700000, 0x0000000082700000| Untracked 
|  10|0x0000000082800000, 0x0000000082800000, 0x0000000082900000|  0%| F|  |TAMS 0x0000000082800000, 0x0000000082800000| Untracked 
|  11|0x0000000082900000, 0x0000000082900000, 0x0000000082a00000|  0%| F|  |TAMS 0x0000000082900000, 0x0000000082900000| Untracked 
|  12|0x0000000082a00000, 0x0000000082a00000, 0x0000000082b00000|  0%| F|  |TAMS 0x0000000082a00000, 0x0000000082a00000| Untracked 
|  13|0x0000000082b00000, 0x0000000082b00000, 0x0000000082c00000|  0%| F|  |TAMS 0x0000000082b00000, 0x0000000082b00000| Untracked 
|  14|0x0000000082c00000, 0x0000000082c00000, 0x0000000082d00000|  0%| F|  |TAMS 0x0000000082c00000, 0x0000000082c00000| Untracked 
|  15|0x0000000082d00000, 0x0000000082d00000, 0x0000000082e00000|  0%| F|  |TAMS 0x0000000082d00000, 0x0000000082d00000| Untracked 
|  16|0x0000000082e00000, 0x0000000082e00000, 0x0000000082f00000|  0%| F|  |TAMS 0x0000000082e00000, 0x0000000082e00000| Untracked 
|  17|0x0000000082f00000, 0x0000000082f00000, 0x0000000083000000|  0%| F|  |TAMS 0x0000000082f00000, 0x0000000082f00000| Untracked 
|  18|0x0000000083000000, 0x0000000083000000, 0x0000000083100000|  0%| F|  |TAMS 0x0000000083000000, 0x0000000083000000| Untracked 
|  19|0x0000000083100000, 0x0000000083100000, 0x0000000083200000|  0%| F|  |TAMS 0x0000000083100000, 0x0000000083100000| Untracked 
|  20|0x0000000083200000, 0x0000000083200000, 0x0000000083300000|  0%| F|  |TAMS 0x0000000083200000, 0x0000000083200000| Untracked 
|  21|0x0000000083300000, 0x0000000083300000, 0x0000000083400000|  0%| F|  |TAMS 0x0000000083300000, 0x0000000083300000| Untracked 
|  22|0x0000000083400000, 0x0000000083400000, 0x0000000083500000|  0%| F|  |TAMS 0x0000000083400000, 0x0000000083400000| Untracked 
|  23|0x0000000083500000, 0x0000000083500000, 0x0000000083600000|  0%| F|  |TAMS 0x0000000083500000, 0x0000000083500000| Untracked 
|  24|0x0000000083600000, 0x0000000083600000, 0x0000000083700000|  0%| F|  |TAMS 0x0000000083600000, 0x0000000083600000| Untracked 
|  25|0x0000000083700000, 0x0000000083700000, 0x0000000083800000|  0%| F|  |TAMS 0x0000000083700000, 0x0000000083700000| Untracked 
|  26|0x0000000083800000, 0x0000000083800000, 0x0000000083900000|  0%| F|  |TAMS 0x0000000083800000, 0x0000000083800000| Untracked 
|  27|0x0000000083900000, 0x0000000083900000, 0x0000000083a00000|  0%| F|  |TAMS 0x0000000083900000, 0x0000000083900000| Untracked 
|  28|0x0000000083a00000, 0x0000000083a00000, 0x0000000083b00000|  0%| F|  |TAMS 0x0000000083a00000, 0x0000000083a00000| Untracked 
|  29|0x0000000083b00000, 0x0000000083b00000, 0x0000000083c00000|  0%| F|  |TAMS 0x0000000083b00000, 0x0000000083b00000| Untracked 
|  30|0x0000000083c00000, 0x0000000083c00000, 0x0000000083d00000|  0%| F|  |TAMS 0x0000000083c00000, 0x0000000083c00000| Untracked 
|  31|0x0000000083d00000, 0x0000000083d00000, 0x0000000083e00000|  0%| F|  |TAMS 0x0000000083d00000, 0x0000000083d00000| Untracked 
|  32|0x0000000083e00000, 0x0000000083e00000, 0x0000000083f00000|  0%| F|  |TAMS 0x0000000083e00000, 0x0000000083e00000| Untracked 
|  33|0x0000000083f00000, 0x0000000083f00000, 0x0000000084000000|  0%| F|  |TAMS 0x0000000083f00000, 0x0000000083f00000| Untracked 
|  34|0x0000000084000000, 0x0000000084000000, 0x0000000084100000|  0%| F|  |TAMS 0x0000000084000000, 0x0000000084000000| Untracked 
|  35|0x0000000084100000, 0x0000000084100000, 0x0000000084200000|  0%| F|  |TAMS 0x0000000084100000, 0x0000000084100000| Untracked 
|  36|0x0000000084200000, 0x0000000084200000, 0x0000000084300000|  0%| F|  |TAMS 0x0000000084200000, 0x0000000084200000| Untracked 
|  37|0x0000000084300000, 0x0000000084300000, 0x0000000084400000|  0%| F|  |TAMS 0x0000000084300000, 0x0000000084300000| Untracked 
|  38|0x0000000084400000, 0x0000000084400000, 0x0000000084500000|  0%| F|  |TAMS 0x0000000084400000, 0x0000000084400000| Untracked 
|  39|0x0000000084500000, 0x0000000084500000, 0x0000000084600000|  0%| F|  |TAMS 0x0000000084500000, 0x0000000084500000| Untracked 
|  40|0x0000000084600000, 0x0000000084600000, 0x0000000084700000|  0%| F|  |TAMS 0x0000000084600000, 0x0000000084600000| Untracked 
|  41|0x0000000084700000, 0x0000000084700000, 0x0000000084800000|  0%| F|  |TAMS 0x0000000084700000, 0x0000000084700000| Untracked 
|  42|0x0000000084800000, 0x0000000084800000, 0x0000000084900000|  0%| F|  |TAMS 0x0000000084800000, 0x0000000084800000| Untracked 
|  43|0x0000000084900000, 0x0000000084900000, 0x0000000084a00000|  0%| F|  |TAMS 0x0000000084900000, 0x0000000084900000| Untracked 
|  44|0x0000000084a00000, 0x0000000084a00000, 0x0000000084b00000|  0%| F|  |TAMS 0x0000000084a00000, 0x0000000084a00000| Untracked 
|  45|0x0000000084b00000, 0x0000000084b00000, 0x0000000084c00000|  0%| F|  |TAMS 0x0000000084b00000, 0x0000000084b00000| Untracked 
|  46|0x0000000084c00000, 0x0000000084c00000, 0x0000000084d00000|  0%| F|  |TAMS 0x0000000084c00000, 0x0000000084c00000| Untracked 
|  47|0x0000000084d00000, 0x0000000084d00000, 0x0000000084e00000|  0%| F|  |TAMS 0x0000000084d00000, 0x0000000084d00000| Untracked 
|  48|0x0000000084e00000, 0x0000000084e00000, 0x0000000084f00000|  0%| F|  |TAMS 0x0000000084e00000, 0x0000000084e00000| Untracked 
|  49|0x0000000084f00000, 0x0000000084f00000, 0x0000000085000000|  0%| F|  |TAMS 0x0000000084f00000, 0x0000000084f00000| Untracked 
|  50|0x0000000085000000, 0x0000000085000000, 0x0000000085100000|  0%| F|  |TAMS 0x0000000085000000, 0x0000000085000000| Untracked 
|  51|0x0000000085100000, 0x0000000085100000, 0x0000000085200000|  0%| F|  |TAMS 0x0000000085100000, 0x0000000085100000| Untracked 
|  52|0x0000000085200000, 0x0000000085200000, 0x0000000085300000|  0%| F|  |TAMS 0x0000000085200000, 0x0000000085200000| Untracked 
|  53|0x0000000085300000, 0x0000000085300000, 0x0000000085400000|  0%| F|  |TAMS 0x0000000085300000, 0x0000000085300000| Untracked 
|  54|0x0000000085400000, 0x0000000085400000, 0x0000000085500000|  0%| F|  |TAMS 0x0000000085400000, 0x0000000085400000| Untracked 
|  55|0x0000000085500000, 0x0000000085500000, 0x0000000085600000|  0%| F|  |TAMS 0x0000000085500000, 0x0000000085500000| Untracked 
|  56|0x0000000085600000, 0x0000000085600000, 0x0000000085700000|  0%| F|  |TAMS 0x0000000085600000, 0x0000000085600000| Untracked 
|  57|0x0000000085700000, 0x0000000085700000, 0x0000000085800000|  0%| F|  |TAMS 0x0000000085700000, 0x0000000085700000| Untracked 
|  58|0x0000000085800000, 0x0000000085800000, 0x0000000085900000|  0%| F|  |TAMS 0x0000000085800000, 0x0000000085800000| Untracked 
|  59|0x0000000085900000, 0x0000000085900000, 0x0000000085a00000|  0%| F|  |TAMS 0x0000000085900000, 0x0000000085900000| Untracked 
|  60|0x0000000085a00000, 0x0000000085a00000, 0x0000000085b00000|  0%| F|  |TAMS 0x0000000085a00000, 0x0000000085a00000| Untracked 
|  61|0x0000000085b00000, 0x0000000085b00000, 0x0000000085c00000|  0%| F|  |TAMS 0x0000000085b00000, 0x0000000085b00000| Untracked 
|  62|0x0000000085c00000, 0x0000000085c00000, 0x0000000085d00000|  0%| F|  |TAMS 0x0000000085c00000, 0x0000000085c00000| Untracked 
|  63|0x0000000085d00000, 0x0000000085d00000, 0x0000000085e00000|  0%| F|  |TAMS 0x0000000085d00000, 0x0000000085d00000| Untracked 
|  64|0x0000000085e00000, 0x0000000085e00000, 0x0000000085f00000|  0%| F|  |TAMS 0x0000000085e00000, 0x0000000085e00000| Untracked 
|  65|0x0000000085f00000, 0x0000000085f00000, 0x0000000086000000|  0%| F|  |TAMS 0x0000000085f00000, 0x0000000085f00000| Untracked 
|  66|0x0000000086000000, 0x0000000086000000, 0x0000000086100000|  0%| F|  |TAMS 0x0000000086000000, 0x0000000086000000| Untracked 
|  67|0x0000000086100000, 0x0000000086100000, 0x0000000086200000|  0%| F|  |TAMS 0x0000000086100000, 0x0000000086100000| Untracked 
|  68|0x0000000086200000, 0x0000000086200000, 0x0000000086300000|  0%| F|  |TAMS 0x0000000086200000, 0x0000000086200000| Untracked 
|  69|0x0000000086300000, 0x0000000086300000, 0x0000000086400000|  0%| F|  |TAMS 0x0000000086300000, 0x0000000086300000| Untracked 
|  70|0x0000000086400000, 0x0000000086400000, 0x0000000086500000|  0%| F|  |TAMS 0x0000000086400000, 0x0000000086400000| Untracked 
|  71|0x0000000086500000, 0x0000000086500000, 0x0000000086600000|  0%| F|  |TAMS 0x0000000086500000, 0x0000000086500000| Untracked 
|  72|0x0000000086600000, 0x0000000086693838, 0x0000000086700000| 57%| E|  |TAMS 0x0000000086600000, 0x0000000086600000| Complete 
|  73|0x0000000086700000, 0x0000000086800000, 0x0000000086800000|100%| E|CS|TAMS 0x0000000086700000, 0x0000000086700000| Complete 
|  74|0x0000000086800000, 0x0000000086900000, 0x0000000086900000|100%| E|CS|TAMS 0x0000000086800000, 0x0000000086800000| Complete 
|  75|0x0000000086900000, 0x0000000086a00000, 0x0000000086a00000|100%| E|CS|TAMS 0x0000000086900000, 0x0000000086900000| Complete 
|  76|0x0000000086a00000, 0x0000000086b00000, 0x0000000086b00000|100%| E|CS|TAMS 0x0000000086a00000, 0x0000000086a00000| Complete 
|  77|0x0000000086b00000, 0x0000000086c00000, 0x0000000086c00000|100%| E|CS|TAMS 0x0000000086b00000, 0x0000000086b00000| Complete 
|  78|0x0000000086c00000, 0x0000000086d00000, 0x0000000086d00000|100%| E|CS|TAMS 0x0000000086c00000, 0x0000000086c00000| Complete 
|  79|0x0000000086d00000, 0x0000000086e00000, 0x0000000086e00000|100%| E|CS|TAMS 0x0000000086d00000, 0x0000000086d00000| Complete 
|  80|0x0000000086e00000, 0x0000000086f00000, 0x0000000086f00000|100%| E|CS|TAMS 0x0000000086e00000, 0x0000000086e00000| Complete 
|  81|0x0000000086f00000, 0x0000000087000000, 0x0000000087000000|100%| E|CS|TAMS 0x0000000086f00000, 0x0000000086f00000| Complete 
|  82|0x0000000087000000, 0x0000000087100000, 0x0000000087100000|100%| E|CS|TAMS 0x0000000087000000, 0x0000000087000000| Complete 
|  83|0x0000000087100000, 0x0000000087200000, 0x0000000087200000|100%| E|CS|TAMS 0x0000000087100000, 0x0000000087100000| Complete 
|  84|0x0000000087200000, 0x0000000087300000, 0x0000000087300000|100%| E|CS|TAMS 0x0000000087200000, 0x0000000087200000| Complete 
|  85|0x0000000087300000, 0x0000000087400000, 0x0000000087400000|100%| E|CS|TAMS 0x0000000087300000, 0x0000000087300000| Complete 
|  86|0x0000000087400000, 0x0000000087500000, 0x0000000087500000|100%| E|CS|TAMS 0x0000000087400000, 0x0000000087400000| Complete 
|  87|0x0000000087500000, 0x0000000087600000, 0x0000000087600000|100%| E|CS|TAMS 0x0000000087500000, 0x0000000087500000| Complete 
|  88|0x0000000087600000, 0x0000000087700000, 0x0000000087700000|100%| E|CS|TAMS 0x0000000087600000, 0x0000000087600000| Complete 
|  89|0x0000000087700000, 0x0000000087800000, 0x0000000087800000|100%| E|CS|TAMS 0x0000000087700000, 0x0000000087700000| Complete 
|  90|0x0000000087800000, 0x0000000087900000, 0x0000000087900000|100%| E|CS|TAMS 0x0000000087800000, 0x0000000087800000| Complete 
|  91|0x0000000087900000, 0x0000000087a00000, 0x0000000087a00000|100%| E|CS|TAMS 0x0000000087900000, 0x0000000087900000| Complete 
|  92|0x0000000087a00000, 0x0000000087b00000, 0x0000000087b00000|100%| E|CS|TAMS 0x0000000087a00000, 0x0000000087a00000| Complete 
|  93|0x0000000087b00000, 0x0000000087c00000, 0x0000000087c00000|100%| E|CS|TAMS 0x0000000087b00000, 0x0000000087b00000| Complete 
|  94|0x0000000087c00000, 0x0000000087d00000, 0x0000000087d00000|100%| E|CS|TAMS 0x0000000087c00000, 0x0000000087c00000| Complete 
|  95|0x0000000087d00000, 0x0000000087e00000, 0x0000000087e00000|100%| E|CS|TAMS 0x0000000087d00000, 0x0000000087d00000| Complete 
|  96|0x0000000087e00000, 0x0000000087f00000, 0x0000000087f00000|100%| E|CS|TAMS 0x0000000087e00000, 0x0000000087e00000| Complete 
|  97|0x0000000087f00000, 0x0000000088000000, 0x0000000088000000|100%| E|CS|TAMS 0x0000000087f00000, 0x0000000087f00000| Complete 
|  98|0x0000000088000000, 0x0000000088100000, 0x0000000088100000|100%| E|CS|TAMS 0x0000000088000000, 0x0000000088000000| Complete 
|  99|0x0000000088100000, 0x0000000088200000, 0x0000000088200000|100%| E|CS|TAMS 0x0000000088100000, 0x0000000088100000| Complete 
| 100|0x0000000088200000, 0x0000000088300000, 0x0000000088300000|100%| E|CS|TAMS 0x0000000088200000, 0x0000000088200000| Complete 
| 101|0x0000000088300000, 0x0000000088400000, 0x0000000088400000|100%| E|CS|TAMS 0x0000000088300000, 0x0000000088300000| Complete 
| 102|0x0000000088400000, 0x0000000088500000, 0x0000000088500000|100%| E|CS|TAMS 0x0000000088400000, 0x0000000088400000| Complete 
| 103|0x0000000088500000, 0x0000000088600000, 0x0000000088600000|100%| E|CS|TAMS 0x0000000088500000, 0x0000000088500000| Complete 
| 104|0x0000000088600000, 0x0000000088700000, 0x0000000088700000|100%| E|CS|TAMS 0x0000000088600000, 0x0000000088600000| Complete 
| 105|0x0000000088700000, 0x0000000088800000, 0x0000000088800000|100%| E|CS|TAMS 0x0000000088700000, 0x0000000088700000| Complete 
| 106|0x0000000088800000, 0x0000000088900000, 0x0000000088900000|100%| E|CS|TAMS 0x0000000088800000, 0x0000000088800000| Complete 
| 107|0x0000000088900000, 0x0000000088a00000, 0x0000000088a00000|100%| E|CS|TAMS 0x0000000088900000, 0x0000000088900000| Complete 
| 108|0x0000000088a00000, 0x0000000088b00000, 0x0000000088b00000|100%| E|CS|TAMS 0x0000000088a00000, 0x0000000088a00000| Complete 
| 109|0x0000000088b00000, 0x0000000088c00000, 0x0000000088c00000|100%| E|CS|TAMS 0x0000000088b00000, 0x0000000088b00000| Complete 
| 110|0x0000000088c00000, 0x0000000088d00000, 0x0000000088d00000|100%| E|CS|TAMS 0x0000000088c00000, 0x0000000088c00000| Complete 
| 111|0x0000000088d00000, 0x0000000088dc81e0, 0x0000000088e00000| 78%| S|CS|TAMS 0x0000000088d00000, 0x0000000088d00000| Complete 
| 112|0x0000000088e00000, 0x0000000088f00000, 0x0000000088f00000|100%| E|CS|TAMS 0x0000000088e00000, 0x0000000088e00000| Complete 
| 113|0x0000000088f00000, 0x0000000089000000, 0x0000000089000000|100%| E|CS|TAMS 0x0000000088f00000, 0x0000000088f00000| Complete 
| 114|0x0000000089000000, 0x0000000089100000, 0x0000000089100000|100%| E|CS|TAMS 0x0000000089000000, 0x0000000089000000| Complete 
| 115|0x0000000089100000, 0x0000000089200000, 0x0000000089200000|100%| E|CS|TAMS 0x0000000089100000, 0x0000000089100000| Complete 
| 116|0x0000000089200000, 0x0000000089300000, 0x0000000089300000|100%| E|CS|TAMS 0x0000000089200000, 0x0000000089200000| Complete 
| 117|0x0000000089300000, 0x0000000089400000, 0x0000000089400000|100%| E|CS|TAMS 0x0000000089300000, 0x0000000089300000| Complete 
| 118|0x0000000089400000, 0x0000000089500000, 0x0000000089500000|100%| E|CS|TAMS 0x0000000089400000, 0x0000000089400000| Complete 
| 119|0x0000000089500000, 0x0000000089600000, 0x0000000089600000|100%| E|CS|TAMS 0x0000000089500000, 0x0000000089500000| Complete 
| 120|0x0000000089600000, 0x0000000089700000, 0x0000000089700000|100%| E|CS|TAMS 0x0000000089600000, 0x0000000089600000| Complete 
| 121|0x0000000089700000, 0x0000000089800000, 0x0000000089800000|100%| E|CS|TAMS 0x0000000089700000, 0x0000000089700000| Complete 
| 122|0x0000000089800000, 0x0000000089900000, 0x0000000089900000|100%| E|CS|TAMS 0x0000000089800000, 0x0000000089800000| Complete 
| 123|0x0000000089900000, 0x0000000089a00000, 0x0000000089a00000|100%| E|CS|TAMS 0x0000000089900000, 0x0000000089900000| Complete 
| 124|0x0000000089a00000, 0x0000000089b00000, 0x0000000089b00000|100%| E|CS|TAMS 0x0000000089a00000, 0x0000000089a00000| Complete 
| 125|0x0000000089b00000, 0x0000000089c00000, 0x0000000089c00000|100%| E|CS|TAMS 0x0000000089b00000, 0x0000000089b00000| Complete 
| 126|0x0000000089c00000, 0x0000000089d00000, 0x0000000089d00000|100%| E|CS|TAMS 0x0000000089c00000, 0x0000000089c00000| Complete 
| 127|0x0000000089d00000, 0x0000000089e00000, 0x0000000089e00000|100%| E|CS|TAMS 0x0000000089d00000, 0x0000000089d00000| Complete 

Card table byte_map: [0x0000012deaa80000,0x0000012deae80000] _byte_map_base: 0x0000012dea671000

Marking Bits (Prev, Next): (CMBitMap*) 0x0000012dd37766a0, (CMBitMap*) 0x0000012dd37766e0
 Prev Bits: [0x0000012deb280000, 0x0000012ded208000)
 Next Bits: [0x0000012ded210000, 0x0000012def198000)

Polling page: 0x0000012dd15f0000

Metaspace:

Usage:
  Non-class:     13.11 MB used.
      Class:      1.74 MB used.
       Both:     14.85 MB used.

Virtual space:
  Non-class space:       64.00 MB reserved,      13.25 MB ( 21%) committed,  1 nodes.
      Class space:        1.00 GB reserved,       1.81 MB ( <1%) committed,  1 nodes.
             Both:        1.06 GB reserved,      15.06 MB (  1%) committed. 

Chunk freelists:
   Non-Class:  2.19 MB
       Class:  2.00 MB
        Both:  4.19 MB

MaxMetaspaceSize: unlimited
CompressedClassSpaceSize: 1.00 GB
Initial GC threshold: 21.00 MB
Current GC threshold: 21.00 MB
CDS: on
MetaspaceReclaimPolicy: balanced
 - commit_granule_bytes: 65536.
 - commit_granule_words: 8192.
 - virtual_space_node_default_size: 8388608.
 - enlarge_chunks_in_place: 1.
 - new_chunks_are_fully_committed: 0.
 - uncommit_free_chunks: 1.
 - use_allocation_guard: 0.


Internal statistics:

num_allocs_failed_limit: 0.
num_arena_births: 172.
num_arena_deaths: 0.
num_vsnodes_births: 2.
num_vsnodes_deaths: 0.
num_space_committed: 241.
num_space_uncommitted: 0.
num_chunks_returned_to_freelist: 0.
num_chunks_taken_from_freelist: 682.
num_chunk_merges: 0.
num_chunk_splits: 480.
num_chunks_enlarged: 391.
num_inconsistent_stats: 0.

CodeHeap 'non-profiled nmethods': size=120000Kb used=1092Kb max_used=1092Kb free=118907Kb
 bounds [0x0000012de3150000, 0x0000012de33c0000, 0x0000012dea680000]
CodeHeap 'profiled nmethods': size=120000Kb used=5807Kb max_used=5807Kb free=114192Kb
 bounds [0x0000012ddb680000, 0x0000012ddbc30000, 0x0000012de2bb0000]
CodeHeap 'non-nmethods': size=5760Kb used=1270Kb max_used=1292Kb free=4490Kb
 bounds [0x0000012de2bb0000, 0x0000012de2e20000, 0x0000012de3150000]
 total_blobs=3351 nmethods=2872 adapters=389
 compilation: enabled
              stopped_count=0, restarted_count=0
 full_count=0

Compilation events (20 events):
Event: 12.664 Thread 0x0000012df167cd20 nmethod 2766 0x0000012de3257e10 code [0x0000012de3257fa0, 0x0000012de3258058]
Event: 12.664 Thread 0x0000012df167cd20 2768       3       org.codehaus.plexus.util.xml.Xpp3Dom::getChildCount (20 bytes)
Event: 12.665 Thread 0x0000012df167cd20 nmethod 2768 0x0000012ddbbeff90 code [0x0000012ddbbf0140, 0x0000012ddbbf0368]
Event: 12.665 Thread 0x0000012df167cd20 2769       1       org.apache.maven.model.Plugin::setGroupId (6 bytes)
Event: 12.665 Thread 0x0000012df167cd20 nmethod 2769 0x0000012de3258110 code [0x0000012de32582a0, 0x0000012de32583b8]
Event: 12.665 Thread 0x0000012df167cd20 2770       3       org.apache.maven.model.ConfigurationContainer::getLocation (147 bytes)
Event: 12.665 Thread 0x0000012df167cd20 nmethod 2770 0x0000012ddbbf0410 code [0x0000012ddbbf0680, 0x0000012ddbbf12d8]
Event: 12.665 Thread 0x0000012df167cd20 2771       3       java.lang.String::replace (42 bytes)
Event: 12.666 Thread 0x0000012df167cd20 nmethod 2771 0x0000012ddbbf1510 code [0x0000012ddbbf16e0, 0x0000012ddbbf1a18]
Event: 12.668 Thread 0x0000012df167cd20 2772       3       java.util.Locale::hasExtensions (13 bytes)
Event: 12.668 Thread 0x0000012df167cd20 nmethod 2772 0x0000012ddbbf1b10 code [0x0000012ddbbf1ca0, 0x0000012ddbbf1e18]
Event: 12.669 Thread 0x0000012df167cd20 2773       3       sun.util.locale.LocaleUtils::caseIgnoreMatch (73 bytes)
Event: 12.670 Thread 0x0000012df167cd20 nmethod 2773 0x0000012ddbbf1e90 code [0x0000012ddbbf2180, 0x0000012ddbbf3318]
Event: 12.670 Thread 0x0000012df167cd20 2774       3       sun.util.locale.BaseLocale$Key::equals (109 bytes)
Event: 12.670 Thread 0x0000012df167cd20 nmethod 2774 0x0000012ddbbf3990 code [0x0000012ddbbf3c00, 0x0000012ddbbf4938]
Event: 12.672 Thread 0x0000012df167cd20 2776       3       java.util.Locale::stripExtensions (20 bytes)
Event: 12.672 Thread 0x0000012df167cd20 nmethod 2776 0x0000012ddbbf4c10 code [0x0000012ddbbf4de0, 0x0000012ddbbf5068]
Event: 12.672 Thread 0x0000012df167cd20 2777       3       sun.util.locale.BaseLocale::equals (71 bytes)
Event: 12.672 Thread 0x0000012df6b1a5d0 2743       4       org.codehaus.plexus.util.xml.pull.MXParser::nextImpl (1203 bytes)
Event: 12.672 Thread 0x0000012df167cd20 nmethod 2777 0x0000012ddbbf5110 code [0x0000012ddbbf52e0, 0x0000012ddbbf57d8]

GC Heap History (4 events):
Event: 7.747 GC heap before
{Heap before GC invocations=0 (full 0):
 garbage-first heap   total 131072K, used 13312K [0x0000000081e00000, 0x0000000100000000)
  region size 1024K, 13 young (13312K), 0 survivors (0K)
 Metaspace       used 3709K, committed 3904K, reserved 1114112K
  class space    used 383K, committed 512K, reserved 1048576K
}
Event: 7.788 GC heap after
{Heap after GC invocations=1 (full 0):
 garbage-first heap   total 131072K, used 3289K [0x0000000081e00000, 0x0000000100000000)
  region size 1024K, 2 young (2048K), 2 survivors (2048K)
 Metaspace       used 3709K, committed 3904K, reserved 1114112K
  class space    used 383K, committed 512K, reserved 1048576K
}
Event: 9.391 GC heap before
{Heap before GC invocations=1 (full 0):
 garbage-first heap   total 131072K, used 17625K [0x0000000081e00000, 0x0000000100000000)
  region size 1024K, 16 young (16384K), 2 survivors (2048K)
 Metaspace       used 5982K, committed 6144K, reserved 1114112K
  class space    used 699K, committed 768K, reserved 1048576K
}
Event: 9.411 GC heap after
{Heap after GC invocations=2 (full 0):
 garbage-first heap   total 131072K, used 4066K [0x0000000081e00000, 0x0000000100000000)
  region size 1024K, 1 young (1024K), 1 survivors (1024K)
 Metaspace       used 5982K, committed 6144K, reserved 1114112K
  class space    used 699K, committed 768K, reserved 1048576K
}

Dll operation events (8 events):
Event: 0.032 Loaded shared library C:\Program Files\Java\jdk-19\bin\java.dll
Event: 0.226 Loaded shared library C:\Program Files\Java\jdk-19\bin\jsvml.dll
Event: 0.326 Loaded shared library C:\Program Files\Java\jdk-19\bin\net.dll
Event: 0.332 Loaded shared library C:\Program Files\Java\jdk-19\bin\nio.dll
Event: 0.335 Loaded shared library C:\Program Files\Java\jdk-19\bin\zip.dll
Event: 0.343 Loaded shared library C:\Program Files\Java\jdk-19\bin\jimage.dll
Event: 4.218 Loaded shared library C:\Users\eljea\AppData\Local\Temp\jansi-2.4.1-85def7b49b62af1-jansi.dll
Event: 4.544 Loaded shared library C:\Program Files\Java\jdk-19\bin\verify.dll

Deoptimization events (20 events):
Event: 12.585 Thread 0x0000012dd3718640 Uncommon trap: trap_request=0xffffff45 fr.pc=0x0000012de31d326c relative=0x000000000000062c
Event: 12.585 Thread 0x0000012dd3718640 Uncommon trap: reason=unstable_if action=reinterpret pc=0x0000012de31d326c method=java.lang.String.replace(CC)Ljava/lang/String; @ 2 c2
Event: 12.585 Thread 0x0000012dd3718640 DEOPT PACKING pc=0x0000012de31d326c sp=0x0000000814dfdfd0
Event: 12.585 Thread 0x0000012dd3718640 DEOPT UNPACKING pc=0x0000012de2c16da3 sp=0x0000000814dfdf80 mode 2
Event: 12.664 Thread 0x0000012dd3718640 Uncommon trap: trap_request=0xffffffde fr.pc=0x0000012de3232524 relative=0x0000000000000824
Event: 12.664 Thread 0x0000012dd3718640 Uncommon trap: reason=class_check action=maybe_recompile pc=0x0000012de3232524 method=java.util.HashMap.putVal(ILjava/lang/Object;Ljava/lang/Object;ZZ)Ljava/lang/Object; @ 203 c2
Event: 12.664 Thread 0x0000012dd3718640 DEOPT PACKING pc=0x0000012de3232524 sp=0x0000000814dfdaf0
Event: 12.664 Thread 0x0000012dd3718640 DEOPT UNPACKING pc=0x0000012de2c16da3 sp=0x0000000814dfda28 mode 2
Event: 12.664 Thread 0x0000012dd3718640 Uncommon trap: trap_request=0xffffffde fr.pc=0x0000012de3232524 relative=0x0000000000000824
Event: 12.664 Thread 0x0000012dd3718640 Uncommon trap: reason=class_check action=maybe_recompile pc=0x0000012de3232524 method=java.util.HashMap.putVal(ILjava/lang/Object;Ljava/lang/Object;ZZ)Ljava/lang/Object; @ 203 c2
Event: 12.664 Thread 0x0000012dd3718640 DEOPT PACKING pc=0x0000012de3232524 sp=0x0000000814dfdaf0
Event: 12.664 Thread 0x0000012dd3718640 DEOPT UNPACKING pc=0x0000012de2c16da3 sp=0x0000000814dfda28 mode 2
Event: 12.664 Thread 0x0000012dd3718640 Uncommon trap: trap_request=0xffffffde fr.pc=0x0000012de3232524 relative=0x0000000000000824
Event: 12.664 Thread 0x0000012dd3718640 Uncommon trap: reason=class_check action=maybe_recompile pc=0x0000012de3232524 method=java.util.HashMap.putVal(ILjava/lang/Object;Ljava/lang/Object;ZZ)Ljava/lang/Object; @ 203 c2
Event: 12.664 Thread 0x0000012dd3718640 DEOPT PACKING pc=0x0000012de3232524 sp=0x0000000814dfdaf0
Event: 12.664 Thread 0x0000012dd3718640 DEOPT UNPACKING pc=0x0000012de2c16da3 sp=0x0000000814dfda28 mode 2
Event: 12.664 Thread 0x0000012dd3718640 Uncommon trap: trap_request=0xffffffde fr.pc=0x0000012de3232524 relative=0x0000000000000824
Event: 12.664 Thread 0x0000012dd3718640 Uncommon trap: reason=class_check action=maybe_recompile pc=0x0000012de3232524 method=java.util.HashMap.putVal(ILjava/lang/Object;Ljava/lang/Object;ZZ)Ljava/lang/Object; @ 203 c2
Event: 12.664 Thread 0x0000012dd3718640 DEOPT PACKING pc=0x0000012de3232524 sp=0x0000000814dfdaf0
Event: 12.664 Thread 0x0000012dd3718640 DEOPT UNPACKING pc=0x0000012de2c16da3 sp=0x0000000814dfda28 mode 2

Classes loaded (20 events):
Event: 12.402 Loading class java/lang/ThreadLocal$SuppliedThreadLocal done
Event: 12.410 Loading class sun/nio/fs/WindowsFileSystemProvider$1
Event: 12.425 Loading class sun/nio/fs/WindowsFileSystemProvider$1 done
Event: 12.516 Loading class sun/nio/ch/FileLockImpl
Event: 12.516 Loading class sun/nio/ch/FileLockImpl done
Event: 12.516 Loading class sun/nio/ch/FileLockTable
Event: 12.517 Loading class sun/nio/ch/FileLockTable done
Event: 12.517 Loading class sun/nio/ch/FileKey
Event: 12.517 Loading class sun/nio/ch/FileKey done
Event: 12.517 Loading class sun/nio/ch/FileLockTable$FileLockReference
Event: 12.517 Loading class sun/nio/ch/FileLockTable$FileLockReference done
Event: 12.517 Loading class java/nio/channels/spi/AbstractInterruptibleChannel$1
Event: 12.517 Loading class sun/nio/ch/Interruptible
Event: 12.517 Loading class sun/nio/ch/Interruptible done
Event: 12.517 Loading class java/nio/channels/spi/AbstractInterruptibleChannel$1 done
Event: 12.518 Loading class java/util/AbstractMap$2
Event: 12.551 Loading class java/util/AbstractMap$2 done
Event: 12.551 Loading class java/util/AbstractMap$2$1
Event: 12.551 Loading class java/util/AbstractMap$2$1 done
Event: 12.672 Loading class sun/util/resources/LocaleData$CommonResourceBundleProvider

Classes unloaded (0 events):
No events

Classes redefined (0 events):
No events

Internal exceptions (20 events):
Event: 9.125 Thread 0x0000012dd3718640 Exception <a 'java/lang/NoSuchMethodError'{0x0000000089754dd0}: 'int java.lang.invoke.DirectMethodHandle$Holder.invokeStaticInit(java.lang.Object, java.lang.Object)'> (0x0000000089754dd0) 
thrown [s\open\src\hotspot\share\interpreter\linkResolver.cpp, line 774]
Event: 9.134 Thread 0x0000012dd3718640 Exception <a 'java/lang/NoClassDefFoundError'{0x0000000089790cf0}: javax/enterprise/inject/Typed> (0x0000000089790cf0) 
thrown [s\open\src\hotspot\share\classfile\systemDictionary.cpp, line 244]
Event: 11.013 Thread 0x0000012dd3718640 Exception <a 'java/lang/NoSuchMethodError'{0x0000000087d97e78}: 'void java.lang.invoke.DirectMethodHandle$Holder.invokeStaticInit(java.lang.Object, java.lang.Object, java.lang.Object)'> (0x0000000087d97e78) 
thrown [s\open\src\hotspot\share\interpreter\linkResolver.cpp, line 774]
Event: 11.041 Thread 0x0000012dd3718640 Exception <a 'java/lang/ExceptionInInitializerError'{0x0000000087dc44b0}> (0x0000000087dc44b0) 
thrown [s\open\src\hotspot\share\oops\instanceKlass.cpp, line 1168]
Event: 11.089 Thread 0x0000012dd3718640 Exception <a 'java/lang/NoSuchMethodError'{0x0000000087ce2bd8}: 'long java.lang.invoke.DirectMethodHandle$Holder.invokeStatic(java.lang.Object, java.lang.Object, int)'> (0x0000000087ce2bd8) 
thrown [s\open\src\hotspot\share\interpreter\linkResolver.cpp, line 774]
Event: 11.092 Thread 0x0000012dd3718640 Exception <a 'java/lang/NoSuchMethodError'{0x0000000087cf5f90}: 'java.lang.Object java.lang.invoke.DirectMethodHandle$Holder.invokeStatic(java.lang.Object, java.lang.Object, java.lang.Object, java.lang.Object, int)'> (0x0000000087cf5f90) 
thrown [s\open\src\hotspot\share\interpreter\linkResolver.cpp, line 774]
Event: 11.093 Thread 0x0000012dd3718640 Exception <a 'java/lang/NoSuchMethodError'{0x0000000087cfe4c8}: 'java.lang.Object java.lang.invoke.DirectMethodHandle$Holder.invokeSpecial(java.lang.Object, java.lang.Object, java.lang.Object, java.lang.Object, long)'> (0x0000000087cfe4c8) 
thrown [s\open\src\hotspot\share\interpreter\linkResolver.cpp, line 774]
Event: 11.095 Thread 0x0000012dd3718640 Exception <a 'java/lang/NoSuchMethodError'{0x0000000087b0ad78}: 'java.lang.Object java.lang.invoke.DirectMethodHandle$Holder.invokeSpecial(java.lang.Object, java.lang.Object, java.lang.Object, int, java.lang.Object)'> (0x0000000087b0ad78) 
thrown [s\open\src\hotspot\share\interpreter\linkResolver.cpp, line 774]
Event: 11.095 Thread 0x0000012dd3718640 Exception <a 'java/lang/NoSuchMethodError'{0x0000000087b134c8}: 'int java.lang.invoke.DirectMethodHandle$Holder.invokeSpecial(java.lang.Object, java.lang.Object, java.lang.Object, int)'> (0x0000000087b134c8) 
thrown [s\open\src\hotspot\share\interpreter\linkResolver.cpp, line 774]
Event: 11.099 Thread 0x0000012dd3718640 Implicit null exception at 0x0000012de31df6af to 0x0000012de31df80c
Event: 11.106 Thread 0x0000012dd3718640 Exception <a 'java/lang/NoSuchMethodError'{0x0000000087b3a298}: 'java.lang.Object java.lang.invoke.Invokers$Holder.invokeExact_MT(java.lang.Object, int, java.lang.Object)'> (0x0000000087b3a298) 
thrown [s\open\src\hotspot\share\interpreter\linkResolver.cpp, line 774]
Event: 11.563 Thread 0x0000012dd3718640 Exception <a 'java/lang/NoSuchMethodError'{0x0000000087391da8}: 'void java.lang.invoke.Invokers$Holder.invokeExact_MT(java.lang.Object, java.lang.Object, java.lang.Object, java.lang.Object)'> (0x0000000087391da8) 
thrown [s\open\src\hotspot\share\interpreter\linkResolver.cpp, line 774]
Event: 11.606 Thread 0x0000012dd3718640 Exception <a 'java/lang/NoClassDefFoundError'{0x00000000872286e0}: com/google/inject/servlet/ServletModuleTargetVisitor> (0x00000000872286e0) 
thrown [s\open\src\hotspot\share\classfile\systemDictionary.cpp, line 244]
Event: 11.832 Thread 0x0000012dd3718640 Exception <a 'java/lang/NoSuchMethodError'{0x00000000871ffb70}: 'void java.lang.invoke.DirectMethodHandle$Holder.invokeVirtual(java.lang.Object, java.lang.Object)'> (0x00000000871ffb70) 
thrown [s\open\src\hotspot\share\interpreter\linkResolver.cpp, line 774]
Event: 11.915 Thread 0x0000012dd3718640 Exception <a 'java/lang/NoSuchMethodError'{0x000000008707f840}: 'java.lang.Object java.lang.invoke.DirectMethodHandle$Holder.invokeStaticInit(java.lang.Object, int, int, int, int)'> (0x000000008707f840) 
thrown [s\open\src\hotspot\share\interpreter\linkResolver.cpp, line 774]
Event: 12.363 Thread 0x0000012dd3718640 Implicit null exception at 0x0000012de317b872 to 0x0000012de317bd5c
Event: 12.364 Thread 0x0000012dd3718640 Implicit null exception at 0x0000012de317faf2 to 0x0000012de317ffd0
Event: 12.579 Thread 0x0000012dd3718640 Exception <a 'java/lang/NoSuchMethodError'{0x0000000086a24740}: 'void java.lang.invoke.DirectMethodHandle$Holder.invokeSpecial(java.lang.Object, java.lang.Object, java.lang.Object, java.lang.Object, java.lang.Object)'> (0x0000000086a24740) 
thrown [s\open\src\hotspot\share\interpreter\linkResolver.cpp, line 774]
Event: 12.584 Thread 0x0000012dd3718640 Exception <a 'java/lang/NoSuchMethodError'{0x0000000086a41f08}: 'void java.lang.invoke.DirectMethodHandle$Holder.invokeSpecial(java.lang.Object, java.lang.Object, java.lang.Object, java.lang.Object, java.lang.Object, java.lang.Object)'> (0x0000000086a41f08) 
thrown [s\open\src\hotspot\share\interpreter\linkResolver.cpp, line 774]
Event: 12.659 Thread 0x0000012dd3718640 Exception <a 'java/lang/NoSuchMethodError'{0x00000000869552f8}: 'java.lang.Object java.lang.invoke.DirectMethodHandle$Holder.invokeVirtual(java.lang.Object, java.lang.Object, java.lang.Object)'> (0x00000000869552f8) 
thrown [s\open\src\hotspot\share\interpreter\linkResolver.cpp, line 774]

VM Operations (20 events):
Event: 11.178 Executing VM operation: HandshakeAllThreads
Event: 11.179 Executing VM operation: HandshakeAllThreads done
Event: 11.223 Executing VM operation: ICBufferFull
Event: 11.223 Executing VM operation: ICBufferFull done
Event: 11.289 Executing VM operation: HandshakeAllThreads
Event: 11.289 Executing VM operation: HandshakeAllThreads done
Event: 11.540 Executing VM operation: HandshakeAllThreads
Event: 11.540 Executing VM operation: HandshakeAllThreads done
Event: 11.873 Executing VM operation: HandshakeAllThreads
Event: 11.873 Executing VM operation: HandshakeAllThreads done
Event: 11.930 Executing VM operation: ICBufferFull
Event: 11.930 Executing VM operation: ICBufferFull done
Event: 11.951 Executing VM operation: HandshakeAllThreads
Event: 11.951 Executing VM operation: HandshakeAllThreads done
Event: 12.055 Executing VM operation: HandshakeAllThreads
Event: 12.055 Executing VM operation: HandshakeAllThreads done
Event: 12.229 Executing VM operation: HandshakeAllThreads
Event: 12.229 Executing VM operation: HandshakeAllThreads done
Event: 12.252 Executing VM operation: HandshakeAllThreads
Event: 12.252 Executing VM operation: HandshakeAllThreads done

Events (20 events):
Event: 0.226 Thread 0x0000012dd3718640 Thread added: 0x0000012dd3718640
Event: 0.241 Thread 0x0000012df16682e0 Thread added: 0x0000012df16682e0
Event: 0.241 Thread 0x0000012df1669270 Thread added: 0x0000012df1669270
Event: 0.242 Thread 0x0000012df166eef0 Thread added: 0x0000012df166eef0
Event: 0.242 Thread 0x0000012df1671bb0 Thread added: 0x0000012df1671bb0
Event: 0.242 Thread 0x0000012df1673e30 Thread added: 0x0000012df1673e30
Event: 0.242 Thread 0x0000012df1674a40 Thread added: 0x0000012df1674a40
Event: 0.242 Thread 0x0000012df1676ea0 Thread added: 0x0000012df1676ea0
Event: 0.242 Thread 0x0000012df167cd20 Thread added: 0x0000012df167cd20
Event: 0.242 Thread 0x0000012df1684f90 Thread added: 0x0000012df1684f90
Event: 0.274 Thread 0x0000012df5a01020 Thread added: 0x0000012df5a01020
Event: 0.322 Thread 0x0000012df5a059e0 Thread added: 0x0000012df5a059e0
Event: 3.515 Thread 0x0000012df5d7a770 Thread added: 0x0000012df5d7a770
Event: 6.793 Thread 0x0000012df5d7a770 Thread exited: 0x0000012df5d7a770
Event: 9.213 Thread 0x0000012df65ee9e0 Thread added: 0x0000012df65ee9e0
Event: 10.030 Thread 0x0000012df65ee9e0 Thread exited: 0x0000012df65ee9e0
Event: 11.195 Thread 0x0000012df692e930 Thread added: 0x0000012df692e930
Event: 12.122 Thread 0x0000012df5f06770 Thread added: 0x0000012df5f06770
Event: 12.358 Thread 0x0000012df692e930 Thread exited: 0x0000012df692e930
Event: 12.672 Thread 0x0000012df6b1a5d0 Thread added: 0x0000012df6b1a5d0


Dynamic libraries:
0x00007ff789ab0000 - 0x00007ff789ac0000 	C:\Program Files\Java\jdk-19\bin\java.exe
0x00007fff9cf50000 - 0x00007fff9d148000 	C:\Windows\SYSTEM32\ntdll.dll
0x00007fff9c590000 - 0x00007fff9c652000 	C:\Windows\System32\KERNEL32.DLL
0x00007fff9a9d0000 - 0x00007fff9acc6000 	C:\Windows\System32\KERNELBASE.dll
0x00007fff9a880000 - 0x00007fff9a980000 	C:\Windows\System32\ucrtbase.dll
0x00007fff6f320000 - 0x00007fff6f338000 	C:\Program Files\Java\jdk-19\bin\jli.dll
0x00007fff65430000 - 0x00007fff6544b000 	C:\Program Files\Java\jdk-19\bin\VCRUNTIME140.dll
0x00007fff9ba00000 - 0x00007fff9bab1000 	C:\Windows\System32\ADVAPI32.dll
0x00007fff9ce70000 - 0x00007fff9cf0e000 	C:\Windows\System32\msvcrt.dll
0x00007fff9be70000 - 0x00007fff9bf0f000 	C:\Windows\System32\sechost.dll
0x00007fff9b720000 - 0x00007fff9b840000 	C:\Windows\System32\RPCRT4.dll
0x00007fff9ae30000 - 0x00007fff9ae57000 	C:\Windows\System32\bcrypt.dll
0x00007fff9b500000 - 0x00007fff9b6a1000 	C:\Windows\System32\USER32.dll
0x00007fff9a690000 - 0x00007fff9a6b2000 	C:\Windows\System32\win32u.dll
0x00007fff9be40000 - 0x00007fff9be6b000 	C:\Windows\System32\GDI32.dll
0x00007fff9a760000 - 0x00007fff9a879000 	C:\Windows\System32\gdi32full.dll
0x00007fff9a6c0000 - 0x00007fff9a75d000 	C:\Windows\System32\msvcp_win.dll
0x00007fff8c500000 - 0x00007fff8c79b000 	C:\Windows\WinSxS\amd64_microsoft.windows.common-controls_6595b64144ccf1df_6.0.19041.6456_none_60b8a6cb71f64256\COMCTL32.dll
0x00007fff91b40000 - 0x00007fff91b4a000 	C:\Windows\SYSTEM32\VERSION.dll
0x00007fff9b8a0000 - 0x00007fff9b8cf000 	C:\Windows\System32\IMM32.DLL
0x00007fff6f350000 - 0x00007fff6f35c000 	C:\Program Files\Java\jdk-19\bin\vcruntime140_1.dll
0x00007fff60070000 - 0x00007fff600fe000 	C:\Program Files\Java\jdk-19\bin\msvcp140.dll
0x00007fff4dde0000 - 0x00007fff4eaa0000 	C:\Program Files\Java\jdk-19\bin\server\jvm.dll
0x00007fff7e4c0000 - 0x00007fff7e4c9000 	C:\Windows\SYSTEM32\WSOCK32.dll
0x00007fff9b6b0000 - 0x00007fff9b71b000 	C:\Windows\System32\WS2_32.dll
0x00007fff8a510000 - 0x00007fff8a537000 	C:\Windows\SYSTEM32\WINMM.dll
0x00007fff98350000 - 0x00007fff98362000 	C:\Windows\SYSTEM32\kernel.appcore.dll
0x00007fff6ee00000 - 0x00007fff6ee0a000 	C:\Program Files\Java\jdk-19\bin\jimage.dll
0x00007fff8b3f0000 - 0x00007fff8b5f1000 	C:\Windows\SYSTEM32\DBGHELP.DLL
0x00007fff92a50000 - 0x00007fff92a84000 	C:\Windows\SYSTEM32\dbgcore.DLL
0x00007fff9aee0000 - 0x00007fff9af62000 	C:\Windows\System32\bcryptPrimitives.dll
0x00007fff61410000 - 0x00007fff61436000 	C:\Program Files\Java\jdk-19\bin\java.dll
0x00007fff5ea80000 - 0x00007fff5eb57000 	C:\Program Files\Java\jdk-19\bin\jsvml.dll
0x00007fff9c700000 - 0x00007fff9ce70000 	C:\Windows\System32\SHELL32.dll
0x00007fff98630000 - 0x00007fff98dd5000 	C:\Windows\SYSTEM32\windows.storage.dll
0x00007fff9af70000 - 0x00007fff9b2c4000 	C:\Windows\System32\combase.dll
0x00007fff9a010000 - 0x00007fff9a03b000 	C:\Windows\SYSTEM32\Wldp.dll
0x00007fff9b8d0000 - 0x00007fff9b99d000 	C:\Windows\System32\OLEAUT32.dll
0x00007fff9bd90000 - 0x00007fff9be3d000 	C:\Windows\System32\SHCORE.dll
0x00007fff9b9a0000 - 0x00007fff9b9fb000 	C:\Windows\System32\shlwapi.dll
0x00007fff9a510000 - 0x00007fff9a534000 	C:\Windows\SYSTEM32\profapi.dll
0x00007fff65410000 - 0x00007fff65423000 	C:\Program Files\Java\jdk-19\bin\net.dll
0x00007fff8fa60000 - 0x00007fff8fb6a000 	C:\Windows\SYSTEM32\WINHTTP.dll
0x00007fff99d70000 - 0x00007fff99dda000 	C:\Windows\system32\mswsock.dll
0x00007fff65240000 - 0x00007fff65256000 	C:\Program Files\Java\jdk-19\bin\nio.dll
0x00007fff64630000 - 0x00007fff64648000 	C:\Program Files\Java\jdk-19\bin\zip.dll
0x00007fff610c0000 - 0x00007fff610e4000 	C:\Users\eljea\AppData\Local\Temp\jansi-2.4.1-85def7b49b62af1-jansi.dll
0x00007fff6c950000 - 0x00007fff6c960000 	C:\Program Files\Java\jdk-19\bin\verify.dll

dbghelp: loaded successfully - version: 4.0.5 - missing functions: none
symbol engine: initialized successfully - sym options: 0x614 - pdb path: .;C:\Program Files\Java\jdk-19\bin;C:\Windows\SYSTEM32;C:\Windows\WinSxS\amd64_microsoft.windows.common-controls_6595b64144ccf1df_6.0.19041.6456_none_60b8a6cb71f64256;C:\Program Files\Java\jdk-19\bin\server;C:\Users\eljea\AppData\Local\Temp

VM Arguments:
jvm_args: -Dmaven.multiModuleProjectDirectory=E:\IT access\backend-java 
java_command: org.apache.maven.wrapper.MavenWrapperMain spring-boot:run
java_class_path (initial): .mvn/wrapper/maven-wrapper.jar
Launcher Type: SUN_STANDARD

[Global flags]
     intx CICompilerCount                          = 3                                         {product} {ergonomic}
     uint ConcGCThreads                            = 1                                         {product} {ergonomic}
     uint G1ConcRefinementThreads                  = 4                                         {product} {ergonomic}
   size_t G1HeapRegionSize                         = 1048576                                   {product} {ergonomic}
    uintx GCDrainStackTargetSize                   = 64                                        {product} {ergonomic}
   size_t InitialHeapSize                          = 134217728                                 {product} {ergonomic}
   size_t MarkStackSize                            = 4194304                                   {product} {ergonomic}
   size_t MaxHeapSize                              = 2116026368                                {product} {ergonomic}
   size_t MaxNewSize                               = 1268776960                                {product} {ergonomic}
   size_t MinHeapDeltaBytes                        = 1048576                                   {product} {ergonomic}
   size_t MinHeapSize                              = 8388608                                   {product} {ergonomic}
    uintx NonNMethodCodeHeapSize                   = 5832780                                {pd product} {ergonomic}
    uintx NonProfiledCodeHeapSize                  = 122912730                              {pd product} {ergonomic}
    uintx ProfiledCodeHeapSize                     = 122912730                              {pd product} {ergonomic}
    uintx ReservedCodeCacheSize                    = 251658240                              {pd product} {ergonomic}
     bool SegmentedCodeCache                       = true                                      {product} {ergonomic}
   size_t SoftMaxHeapSize                          = 2116026368                             {manageable} {ergonomic}
     bool UseCompressedClassPointers               = true                           {product lp64_product} {ergonomic}
     bool UseCompressedOops                        = true                           {product lp64_product} {ergonomic}
     bool UseG1GC                                  = true                                      {product} {ergonomic}
     bool UseLargePagesIndividualAllocation        = false                                  {pd product} {ergonomic}

Logging:
Log output configuration:
 #0: stdout all=warning uptime,level,tags foldmultilines=false
 #1: stderr all=off uptime,level,tags foldmultilines=false

Environment Variables:
PATH=C:\Program Files\Git\mingw64\bin;C:\Program Files\Git\usr\bin;C:\Users\eljea\bin;C:\Users\eljea\AppData\Local\Programs\Microsoft VS Code;C:\Program Files\Common Files\Oracle\Java\javapath;C:\Program Files (x86)\Common Files\Oracle\Java\javapath;C:\Windows\system32;C:\Windows;C:\Windows\System32\Wbem;C:\Windows\System32\WindowsPowerShell\v1.0;C:\Windows\System32\OpenSSH;C:\Program Files\Microsoft SQL Server\Client SDK\ODBC\170\Tools\Binn;C:\Program Files\dotnet;C:\Program Files (x86)\Microsoft SQL Server\150\DTS\Binn;C:\Program Files (x86)\Microsoft SQL Server\150\Tools\Binn;C:\Program Files\Microsoft SQL Server\150\Tools\Binn;C:\Program Files\Microsoft SQL Server\150\DTS\Binn;C:\Program Files\Microsoft SQL Server\130\Tools\Binn;C:\Program Files\TortoiseSVN\bin;C:\Program Files\VisualSVN Server\bin;C:\Program Files\Git\cmd;C:\Program Files\nodejs;C:\Users\eljea\AppData\Local\Programs\Microsoft VS Code;C:\Program Files\Google\Chrome\Application;C:\Program Files\Common Files\Oracle\Java\javapath;C:\Program Files (x86)\Common Files\Oracle\Java\javapath;C:\Windows\system32;C:\Windows;C:\Windows\System32\Wbem;C:\Windows\System32\WindowsPowerShell\v1.0;C:\Windows\System32\OpenSSH;C:\Program Files\Microsoft SQL Server\Client SDK\ODBC\170\Tools\Binn;C:\Program Files\dotnet;C:\Program Files (x86)\Microsoft SQL Server\150\DTS\Binn;C:\Program Files (x86)\Microsoft SQL Server\150\Tools\Binn;C:\Program Files\Microsoft SQL Server\150\Tools\Binn;C:\Program Files\Microsoft SQL Server\150\DTS\Binn;C:\Program Files\Microsoft SQL Server\130\Tools\Binn;C:\Program Files\TortoiseSVN\bin;C:\Program Files\VisualSVN Server\bin;C:\Program Files\MySQL\MySQL Shell 8.0\bin;C:\Users\eljea\AppData\Local\Microsoft\WindowsApps;C:\Users\eljea\.dotnet\tools;C:\Program Files\Azure Data Studio\bin;C:\Program Files\JetBrains\IntelliJ IDEA Community Edition 2022.3.3\bin;C:\Users;C:\Users\eljea\AppData\Local\Programs\Windsurf\bin
USERNAME=eljea
TERM=xterm-256color
OS=Windows_NT
PROCESSOR_IDENTIFIER=Intel64 Family 6 Model 61 Stepping 4, GenuineIntel
TMP=C:\Users\eljea\AppData\Local\Temp
TEMP=C:\Users\eljea\AppData\Local\Temp



---------------  S Y S T E M  ---------------

OS:
 Windows 10 , 64 bit Build 19041 (10.0.19041.5915)
OS uptime: 0 days 5:30 hours

CPU: total 4 (initial active 4) (2 cores per cpu, 2 threads per core) family 6 model 61 stepping 4 microcode 0x2d, cx8, cmov, fxsr, ht, mmx, 3dnowpref, sse, sse2, sse3, ssse3, sse4.1, sse4.2, popcnt, lzcnt, tsc, tscinvbit, avx, avx2, aes, erms, clmul, bmi1, bmi2, rtm, adx, fma, vzeroupper, clflush, rdtscp

Memory: 4k page, system-wide physical 8067M (616M free)
TotalPageFile size 16259M (AvailPageFile size 3M)
current process WorkingSet (physical memory assigned to process): 132M, peak: 132M
current process commit charge ("private bytes"): 238M, peak: 239M

vm_info: Java HotSpot(TM) 64-Bit Server VM (19.0.2+7-44) for windows-amd64 JRE (19.0.2+7-44), built on 2022-11-30T18:02:09Z by "mach5one" with MS VC++ 17.1 (VS2022)

END.
