#
# There is insufficient memory for the Java Runtime Environment to continue.
# Native memory allocation (malloc) failed to allocate 32784 bytes for Chunk::new
# Possible reasons:
#   The system is out of physical RAM or swap space
#   The process is running with CompressedOops enabled, and the Java Heap may be blocking the growth of the native heap
# Possible solutions:
#   Reduce memory load on the system
#   Increase physical memory or swap space
#   Check if swap backing store is full
#   Decrease Java heap size (-Xmx/-Xms)
#   Decrease number of Java threads
#   Decrease Java thread stack sizes (-Xss)
#   Set larger code cache with -XX:ReservedCodeCacheSize=
#   JVM is running with Unscaled Compressed Oops mode in which the Java heap is
#     placed in the first 4GB address space. The Java Heap base address is the
#     maximum limit for the native heap growth. Please use -XX:HeapBaseMinAddress
#     to set the Java Heap base and to place the Java Heap above 4GB virtual address.
# This output file may be truncated or incomplete.
#
#  Out of Memory Error (arena.cpp:184), pid=16564, tid=9132
#
# JRE version: Java(TM) SE Runtime Environment (19.0.2+7) (build 19.0.2+7-44)
# Java VM: Java HotSpot(TM) 64-Bit Server VM (19.0.2+7-44, mixed mode, sharing, tiered, compressed oops, compressed class ptrs, g1 gc, windows-amd64)
# No core dump will be written. Minidumps are not enabled by default on client versions of Windows
#

---------------  S U M M A R Y ------------

Command Line: -Dmaven.multiModuleProjectDirectory=E:\IT access\backend-java org.apache.maven.wrapper.MavenWrapperMain spring-boot:run

Host: Intel(R) Core(TM) i7-5600U CPU @ 2.60GHz, 4 cores, 7G,  Windows 10 , 64 bit Build 19041 (10.0.19041.5915)
Time: Mon Apr 13 19:40:13 2026 Paris, Madrid (heure duild 19041 (10.0.19041.5915) elapsed time: 65.548461 seconds (0d 0h 1m 5s)

---------------  T H R E A D  ---------------

Current thread (0x0000025a6f485e50):  JavaThread "C2 CompilerThread0" daemon [_thread_in_native, id=9132, stack(0x000000623ec00000,0x000000623ed00000)]


Current CompileTask:
C2:  65548 4618   !   4       org.codehaus.plexus.interpolation.StringSearchInterpolator::interpolate (668 bytes)

Stack: [0x000000623ec00000,0x000000623ed00000]
Native frames: (J=compiled Java code, j=interpreted, Vv=VM code, C=native code)
V  [jvm.dll+0x6ee21a]
V  [jvm.dll+0x85765e]
V  [jvm.dll+0x85904e]
V  [jvm.dll+0x859703]
V  [jvm.dll+0x28298f]
V  [jvm.dll+0xc9adf]
V  [jvm.dll+0xc9e65]
V  [jvm.dll+0xc9c04]
V  [jvm.dll+0x7137fa]
V  [jvm.dll+0x24d817]
V  [jvm.dll+0x24b673]
V  [jvm.dll+0x1d6ce1]
V  [jvm.dll+0x25b25a]
V  [jvm.dll+0x2596e8]
V  [jvm.dll+0x807588]
V  [jvm.dll+0x80125a]
V  [jvm.dll+0x6ecf0b]
C  [ucrtbase.dll+0x21bb2]
C  [KERNEL32.DLL+0x17374]
C  [ntdll.dll+0x4cc91]


---------------  P R O C E S S  ---------------

Threads class SMR info:
_java_thread_list=0x0000025a740bb6b0, length=13, elements={
0x0000025a51539710, 0x0000025a6f47ea60, 0x0000025a6f47f850, 0x0000025a6f480640,
0x0000025a6f483f90, 0x0000025a6f4848c0, 0x0000025a6f4851f0, 0x0000025a6f485e50,
0x0000025a6f4ed620, 0x0000025a6f4edba0, 0x0000025a738cb870, 0x0000025a738d0a40,
0x0000025a742a2990
}

Java Threads: ( => current thread )
  0x0000025a51539710 JavaThread "main" [_thread_in_vm, id=11692, stack(0x000000623df00000,0x000000623e000000)]
  0x0000025a6f47ea60 JavaThread "Reference Handler" daemon [_thread_blocked, id=15556, stack(0x000000623e600000,0x000000623e700000)]
  0x0000025a6f47f850 JavaThread "Finalizer" daemon [_thread_blocked, id=1052, stack(0x000000623e700000,0x000000623e800000)]
  0x0000025a6f480640 JavaThread "Signal Dispatcher" daemon [_thread_blocked, id=7308, stack(0x000000623e800000,0x000000623e900000)]
  0x0000025a6f483f90 JavaThread "Attach Listener" daemon [_thread_blocked, id=14896, stack(0x000000623e900000,0x000000623ea00000)]
  0x0000025a6f4848c0 JavaThread "Service Thread" daemon [_thread_blocked, id=16928, stack(0x000000623ea00000,0x000000623eb00000)]
  0x0000025a6f4851f0 JavaThread "Monitor Deflation Thread" daemon [_thread_blocked, id=15188, stack(0x000000623eb00000,0x000000623ec00000)]
=>0x0000025a6f485e50 JavaThread "C2 CompilerThread0" daemon [_thread_in_native, id=9132, stack(0x000000623ec00000,0x000000623ed00000)]
  0x0000025a6f4ed620 JavaThread "C1 CompilerThread0" daemon [_thread_blocked, id=14060, stack(0x000000623ed00000,0x000000623ee00000)]
  0x0000025a6f4edba0 JavaThread "Sweeper thread" daemon [_thread_blocked, id=13860, stack(0x000000623ee00000,0x000000623ef00000)]
  0x0000025a738cb870 JavaThread "Notification Thread" daemon [_thread_blocked, id=10652, stack(0x000000623ef00000,0x000000623f000000)]
  0x0000025a738d0a40 JavaThread "Common-Cleaner" daemon [_thread_blocked, id=15952, stack(0x000000623f100000,0x000000623f200000)]
  0x0000025a742a2990 JavaThread "Thread-1" daemon [_thread_blocked, id=14804, stack(0x000000623dd00000,0x000000623de00000)]

Other Threads:
  0x0000025a6f462d00 VMThread "VM Thread" [stack: 0x000000623e500000,0x000000623e600000] [id=13104]
  0x0000025a738d05e0 WatcherThread "VM Periodic Task Thread" [stack: 0x000000623f000000,0x000000623f100000] [id=16040]
  0x0000025a51597070 WorkerThread "GC Thread#0" [stack: 0x000000623e000000,0x000000623e100000] [id=16640]
  0x0000025a6f4a6f80 WorkerThread "GC Thread#1" [stack: 0x000000623f200000,0x000000623f300000] [id=11628]
  0x0000025a6f4a7250 WorkerThread "GC Thread#2" [stack: 0x000000623f300000,0x000000623f400000] [id=13500]
  0x0000025a7418ed00 WorkerThread "GC Thread#3" [stack: 0x000000623f400000,0x000000623f500000] [id=17088]
  0x0000025a515a7c10 ConcurrentGCThread "G1 Main Marker" [stack: 0x000000623e100000,0x000000623e200000] [id=8392]
  0x0000025a515a8640 WorkerThread "G1 Conc#0" [stack: 0x000000623e200000,0x000000623e300000] [id=17048]
  0x0000025a6f3220c0 ConcurrentGCThread "G1 Refine#0" [stack: 0x000000623e300000,0x000000623e400000] [id=7004]
  0x0000025a6f322c00 ConcurrentGCThread "G1 Service" [stack: 0x000000623e400000,0x000000623e500000] [id=8860]

Threads with active compile tasks:
C2 CompilerThread0    69494 4618   !   4       org.codehaus.plexus.interpolation.StringSearchInterpolator::interpolate (668 bytes)

VM state: not at safepoint (normal execution)

VM Mutex/Monitor currently owned by a thread: None

Heap address: 0x0000000081e00000, size: 2018 MB, Compressed Oops mode: 32-bit

CDS archive(s) mapped at: [0x0000000800000000-0x0000000800c40000-0x0000000800c40000), size 12845056, SharedBaseAddress: 0x0000000800000000, ArchiveRelocationMode: 0.
Compressed class space mapped at: 0x0000000801000000-0x0000000841000000, reserved size: 1073741824
Narrow klass base: 0x0000000800000000, Narrow klass shift: 0, Narrow klass range: 0x100000000

GC Precious Log:
 CardTable entry size: 512
 Card Set container configuration: InlinePtr #cards 5 size 8 Array Of Cards #cards 12 size 40 Howl #buckets 4 coarsen threshold 1843 Howl Bitmap #cards 512 size 80 coarsen threshold 460 Card regions per heap region 1 cards per card region 2048
 CPUs: 4 total, 4 available
 Memory: 8067M
 Large Page Support: Disabled
 NUMA Support: Disabled
 Compressed Oops: Enabled (32-bit)
 Heap Region Size: 1M
 Heap Min Capacity: 8M
 Heap Initial Capacity: 128M
 Heap Max Capacity: 2018M
 Pre-touch: Disabled
 Parallel Workers: 4
 Concurrent Workers: 1
 Concurrent Refinement Workers: 4
 Periodic GC: Disabled

Heap:
 garbage-first heap   total 131072K, used 27569K [0x0000000081e00000, 0x0000000100000000)
  region size 1024K, 20 young (20480K), 6 survivors (6144K)
 Metaspace       used 17162K, committed 17408K, reserved 1114112K
  class space    used 1890K, committed 1984K, reserved 1048576K

Heap Regions: E=young(eden), S=young(survivor), O=old, HS=humongous(starts), HC=humongous(continues), CS=collection set, F=free, OA=open archive, CA=closed archive, TAMS=top-at-mark-start (previous, next)
|   0|0x0000000081e00000, 0x0000000081f00000, 0x0000000081f00000|100%| O|  |TAMS 0x0000000081e00000, 0x0000000081e00000| Untracked 
|   1|0x0000000081f00000, 0x0000000082000000, 0x0000000082000000|100%| O|  |TAMS 0x0000000081f00000, 0x0000000081f00000| Untracked 
|   2|0x0000000082000000, 0x0000000082100000, 0x0000000082100000|100%| O|  |TAMS 0x0000000082000000, 0x0000000082000000| Untracked 
|   3|0x0000000082100000, 0x0000000082200000, 0x0000000082200000|100%| O|  |TAMS 0x0000000082100000, 0x0000000082100000| Untracked 
|   4|0x0000000082200000, 0x0000000082300000, 0x0000000082300000|100%| O|  |TAMS 0x0000000082200000, 0x0000000082200000| Untracked 
|   5|0x0000000082300000, 0x0000000082400000, 0x0000000082400000|100%| O|  |TAMS 0x0000000082300000, 0x0000000082300000| Untracked 
|   6|0x0000000082400000, 0x0000000082500000, 0x0000000082500000|100%| O|  |TAMS 0x0000000082400000, 0x0000000082400000| Untracked 
|   7|0x0000000082500000, 0x0000000082600000, 0x0000000082600000|100%| O|  |TAMS 0x0000000082500000, 0x0000000082500000| Untracked 
|   8|0x0000000082600000, 0x00000000826a1e00, 0x0000000082700000| 63%| O|  |TAMS 0x0000000082600000, 0x0000000082600000| Untracked 
|   9|0x0000000082700000, 0x0000000082700000, 0x0000000082800000|  0%| F|  |TAMS 0x0000000082700000, 0x0000000082700000| Untracked 
|  10|0x0000000082800000, 0x0000000082800000, 0x0000000082900000|  0%| F|  |TAMS 0x0000000082800000, 0x0000000082800000| Untracked 
|  11|0x0000000082900000, 0x0000000082900000, 0x0000000082a00000|  0%| F|  |TAMS 0x0000000082900000, 0x0000000082900000| Untracked 
|  12|0x0000000082a00000, 0x0000000082a00000, 0x0000000082b00000|  0%| F|  |TAMS 0x0000000082a00000, 0x0000000082a00000| Untracked 
|  13|0x0000000082b00000, 0x0000000082b00000, 0x0000000082c00000|  0%| F|  |TAMS 0x0000000082b00000, 0x0000000082b00000| Untracked 
|  14|0x0000000082c00000, 0x0000000082c00000, 0x0000000082d00000|  0%| F|  |TAMS 0x0000000082c00000, 0x0000000082c00000| Untracked 
|  15|0x0000000082d00000, 0x0000000082d00000, 0x0000000082e00000|  0%| F|  |TAMS 0x0000000082d00000, 0x0000000082d00000| Untracked 
|  16|0x0000000082e00000, 0x0000000082e00000, 0x0000000082f00000|  0%| F|  |TAMS 0x0000000082e00000, 0x0000000082e00000| Untracked 
|  17|0x0000000082f00000, 0x0000000082f00000, 0x0000000083000000|  0%| F|  |TAMS 0x0000000082f00000, 0x0000000082f00000| Untracked 
|  18|0x0000000083000000, 0x0000000083000000, 0x0000000083100000|  0%| F|  |TAMS 0x0000000083000000, 0x0000000083000000| Untracked 
|  19|0x0000000083100000, 0x0000000083100000, 0x0000000083200000|  0%| F|  |TAMS 0x0000000083100000, 0x0000000083100000| Untracked 
|  20|0x0000000083200000, 0x0000000083200000, 0x0000000083300000|  0%| F|  |TAMS 0x0000000083200000, 0x0000000083200000| Untracked 
|  21|0x0000000083300000, 0x0000000083300000, 0x0000000083400000|  0%| F|  |TAMS 0x0000000083300000, 0x0000000083300000| Untracked 
|  22|0x0000000083400000, 0x0000000083400000, 0x0000000083500000|  0%| F|  |TAMS 0x0000000083400000, 0x0000000083400000| Untracked 
|  23|0x0000000083500000, 0x0000000083500000, 0x0000000083600000|  0%| F|  |TAMS 0x0000000083500000, 0x0000000083500000| Untracked 
|  24|0x0000000083600000, 0x0000000083600000, 0x0000000083700000|  0%| F|  |TAMS 0x0000000083600000, 0x0000000083600000| Untracked 
|  25|0x0000000083700000, 0x0000000083700000, 0x0000000083800000|  0%| F|  |TAMS 0x0000000083700000, 0x0000000083700000| Untracked 
|  26|0x0000000083800000, 0x0000000083800000, 0x0000000083900000|  0%| F|  |TAMS 0x0000000083800000, 0x0000000083800000| Untracked 
|  27|0x0000000083900000, 0x0000000083900000, 0x0000000083a00000|  0%| F|  |TAMS 0x0000000083900000, 0x0000000083900000| Untracked 
|  28|0x0000000083a00000, 0x0000000083a00000, 0x0000000083b00000|  0%| F|  |TAMS 0x0000000083a00000, 0x0000000083a00000| Untracked 
|  29|0x0000000083b00000, 0x0000000083b00000, 0x0000000083c00000|  0%| F|  |TAMS 0x0000000083b00000, 0x0000000083b00000| Untracked 
|  30|0x0000000083c00000, 0x0000000083c00000, 0x0000000083d00000|  0%| F|  |TAMS 0x0000000083c00000, 0x0000000083c00000| Untracked 
|  31|0x0000000083d00000, 0x0000000083d00000, 0x0000000083e00000|  0%| F|  |TAMS 0x0000000083d00000, 0x0000000083d00000| Untracked 
|  32|0x0000000083e00000, 0x0000000083e00000, 0x0000000083f00000|  0%| F|  |TAMS 0x0000000083e00000, 0x0000000083e00000| Untracked 
|  33|0x0000000083f00000, 0x0000000083f00000, 0x0000000084000000|  0%| F|  |TAMS 0x0000000083f00000, 0x0000000083f00000| Untracked 
|  34|0x0000000084000000, 0x0000000084000000, 0x0000000084100000|  0%| F|  |TAMS 0x0000000084000000, 0x0000000084000000| Untracked 
|  35|0x0000000084100000, 0x0000000084100000, 0x0000000084200000|  0%| F|  |TAMS 0x0000000084100000, 0x0000000084100000| Untracked 
|  36|0x0000000084200000, 0x0000000084200000, 0x0000000084300000|  0%| F|  |TAMS 0x0000000084200000, 0x0000000084200000| Untracked 
|  37|0x0000000084300000, 0x0000000084300000, 0x0000000084400000|  0%| F|  |TAMS 0x0000000084300000, 0x0000000084300000| Untracked 
|  38|0x0000000084400000, 0x0000000084400000, 0x0000000084500000|  0%| F|  |TAMS 0x0000000084400000, 0x0000000084400000| Untracked 
|  39|0x0000000084500000, 0x0000000084500000, 0x0000000084600000|  0%| F|  |TAMS 0x0000000084500000, 0x0000000084500000| Untracked 
|  40|0x0000000084600000, 0x0000000084600000, 0x0000000084700000|  0%| F|  |TAMS 0x0000000084600000, 0x0000000084600000| Untracked 
|  41|0x0000000084700000, 0x0000000084700000, 0x0000000084800000|  0%| F|  |TAMS 0x0000000084700000, 0x0000000084700000| Untracked 
|  42|0x0000000084800000, 0x0000000084800000, 0x0000000084900000|  0%| F|  |TAMS 0x0000000084800000, 0x0000000084800000| Untracked 
|  43|0x0000000084900000, 0x0000000084900000, 0x0000000084a00000|  0%| F|  |TAMS 0x0000000084900000, 0x0000000084900000| Untracked 
|  44|0x0000000084a00000, 0x0000000084a00000, 0x0000000084b00000|  0%| F|  |TAMS 0x0000000084a00000, 0x0000000084a00000| Untracked 
|  45|0x0000000084b00000, 0x0000000084b00000, 0x0000000084c00000|  0%| F|  |TAMS 0x0000000084b00000, 0x0000000084b00000| Untracked 
|  46|0x0000000084c00000, 0x0000000084c4a818, 0x0000000084d00000| 29%| S|CS|TAMS 0x0000000084c00000, 0x0000000084c00000| Complete 
|  47|0x0000000084d00000, 0x0000000084e00000, 0x0000000084e00000|100%| S|CS|TAMS 0x0000000084d00000, 0x0000000084d00000| Complete 
|  48|0x0000000084e00000, 0x0000000084f00000, 0x0000000084f00000|100%| S|CS|TAMS 0x0000000084e00000, 0x0000000084e00000| Complete 
|  49|0x0000000084f00000, 0x0000000085000000, 0x0000000085000000|100%| S|CS|TAMS 0x0000000084f00000, 0x0000000084f00000| Complete 
|  50|0x0000000085000000, 0x0000000085100000, 0x0000000085100000|100%| S|CS|TAMS 0x0000000085000000, 0x0000000085000000| Complete 
|  51|0x0000000085100000, 0x0000000085200000, 0x0000000085200000|100%| S|CS|TAMS 0x0000000085100000, 0x0000000085100000| Complete 
|  52|0x0000000085200000, 0x0000000085200000, 0x0000000085300000|  0%| F|  |TAMS 0x0000000085200000, 0x0000000085200000| Untracked 
|  53|0x0000000085300000, 0x0000000085300000, 0x0000000085400000|  0%| F|  |TAMS 0x0000000085300000, 0x0000000085300000| Untracked 
|  54|0x0000000085400000, 0x0000000085400000, 0x0000000085500000|  0%| F|  |TAMS 0x0000000085400000, 0x0000000085400000| Untracked 
|  55|0x0000000085500000, 0x0000000085500000, 0x0000000085600000|  0%| F|  |TAMS 0x0000000085500000, 0x0000000085500000| Untracked 
|  56|0x0000000085600000, 0x0000000085600000, 0x0000000085700000|  0%| F|  |TAMS 0x0000000085600000, 0x0000000085600000| Untracked 
|  57|0x0000000085700000, 0x0000000085700000, 0x0000000085800000|  0%| F|  |TAMS 0x0000000085700000, 0x0000000085700000| Untracked 
|  58|0x0000000085800000, 0x0000000085800000, 0x0000000085900000|  0%| F|  |TAMS 0x0000000085800000, 0x0000000085800000| Untracked 
|  59|0x0000000085900000, 0x0000000085900000, 0x0000000085a00000|  0%| F|  |TAMS 0x0000000085900000, 0x0000000085900000| Untracked 
|  60|0x0000000085a00000, 0x0000000085a00000, 0x0000000085b00000|  0%| F|  |TAMS 0x0000000085a00000, 0x0000000085a00000| Untracked 
|  61|0x0000000085b00000, 0x0000000085b00000, 0x0000000085c00000|  0%| F|  |TAMS 0x0000000085b00000, 0x0000000085b00000| Untracked 
|  62|0x0000000085c00000, 0x0000000085c00000, 0x0000000085d00000|  0%| F|  |TAMS 0x0000000085c00000, 0x0000000085c00000| Untracked 
|  63|0x0000000085d00000, 0x0000000085d00000, 0x0000000085e00000|  0%| F|  |TAMS 0x0000000085d00000, 0x0000000085d00000| Untracked 
|  64|0x0000000085e00000, 0x0000000085e00000, 0x0000000085f00000|  0%| F|  |TAMS 0x0000000085e00000, 0x0000000085e00000| Untracked 
|  65|0x0000000085f00000, 0x0000000085f00000, 0x0000000086000000|  0%| F|  |TAMS 0x0000000085f00000, 0x0000000085f00000| Untracked 
|  66|0x0000000086000000, 0x0000000086000000, 0x0000000086100000|  0%| F|  |TAMS 0x0000000086000000, 0x0000000086000000| Untracked 
|  67|0x0000000086100000, 0x0000000086100000, 0x0000000086200000|  0%| F|  |TAMS 0x0000000086100000, 0x0000000086100000| Untracked 
|  68|0x0000000086200000, 0x0000000086200000, 0x0000000086300000|  0%| F|  |TAMS 0x0000000086200000, 0x0000000086200000| Untracked 
|  69|0x0000000086300000, 0x0000000086300000, 0x0000000086400000|  0%| F|  |TAMS 0x0000000086300000, 0x0000000086300000| Untracked 
|  70|0x0000000086400000, 0x0000000086400000, 0x0000000086500000|  0%| F|  |TAMS 0x0000000086400000, 0x0000000086400000| Untracked 
|  71|0x0000000086500000, 0x0000000086500000, 0x0000000086600000|  0%| F|  |TAMS 0x0000000086500000, 0x0000000086500000| Untracked 
|  72|0x0000000086600000, 0x0000000086600000, 0x0000000086700000|  0%| F|  |TAMS 0x0000000086600000, 0x0000000086600000| Untracked 
|  73|0x0000000086700000, 0x0000000086700000, 0x0000000086800000|  0%| F|  |TAMS 0x0000000086700000, 0x0000000086700000| Untracked 
|  74|0x0000000086800000, 0x0000000086800000, 0x0000000086900000|  0%| F|  |TAMS 0x0000000086800000, 0x0000000086800000| Untracked 
|  75|0x0000000086900000, 0x0000000086900000, 0x0000000086a00000|  0%| F|  |TAMS 0x0000000086900000, 0x0000000086900000| Untracked 
|  76|0x0000000086a00000, 0x0000000086a00000, 0x0000000086b00000|  0%| F|  |TAMS 0x0000000086a00000, 0x0000000086a00000| Untracked 
|  77|0x0000000086b00000, 0x0000000086b00000, 0x0000000086c00000|  0%| F|  |TAMS 0x0000000086b00000, 0x0000000086b00000| Untracked 
|  78|0x0000000086c00000, 0x0000000086c00000, 0x0000000086d00000|  0%| F|  |TAMS 0x0000000086c00000, 0x0000000086c00000| Untracked 
|  79|0x0000000086d00000, 0x0000000086d00000, 0x0000000086e00000|  0%| F|  |TAMS 0x0000000086d00000, 0x0000000086d00000| Untracked 
|  80|0x0000000086e00000, 0x0000000086e00000, 0x0000000086f00000|  0%| F|  |TAMS 0x0000000086e00000, 0x0000000086e00000| Untracked 
|  81|0x0000000086f00000, 0x0000000086f00000, 0x0000000087000000|  0%| F|  |TAMS 0x0000000086f00000, 0x0000000086f00000| Untracked 
|  82|0x0000000087000000, 0x0000000087000000, 0x0000000087100000|  0%| F|  |TAMS 0x0000000087000000, 0x0000000087000000| Untracked 
|  83|0x0000000087100000, 0x0000000087100000, 0x0000000087200000|  0%| F|  |TAMS 0x0000000087100000, 0x0000000087100000| Untracked 
|  84|0x0000000087200000, 0x0000000087200000, 0x0000000087300000|  0%| F|  |TAMS 0x0000000087200000, 0x0000000087200000| Untracked 
|  85|0x0000000087300000, 0x0000000087300000, 0x0000000087400000|  0%| F|  |TAMS 0x0000000087300000, 0x0000000087300000| Untracked 
|  86|0x0000000087400000, 0x0000000087400000, 0x0000000087500000|  0%| F|  |TAMS 0x0000000087400000, 0x0000000087400000| Untracked 
|  87|0x0000000087500000, 0x0000000087500000, 0x0000000087600000|  0%| F|  |TAMS 0x0000000087500000, 0x0000000087500000| Untracked 
|  88|0x0000000087600000, 0x0000000087600000, 0x0000000087700000|  0%| F|  |TAMS 0x0000000087600000, 0x0000000087600000| Untracked 
|  89|0x0000000087700000, 0x0000000087700000, 0x0000000087800000|  0%| F|  |TAMS 0x0000000087700000, 0x0000000087700000| Untracked 
|  90|0x0000000087800000, 0x0000000087800000, 0x0000000087900000|  0%| F|  |TAMS 0x0000000087800000, 0x0000000087800000| Untracked 
|  91|0x0000000087900000, 0x0000000087900000, 0x0000000087a00000|  0%| F|  |TAMS 0x0000000087900000, 0x0000000087900000| Untracked 
|  92|0x0000000087a00000, 0x0000000087a00000, 0x0000000087b00000|  0%| F|  |TAMS 0x0000000087a00000, 0x0000000087a00000| Untracked 
|  93|0x0000000087b00000, 0x0000000087b00000, 0x0000000087c00000|  0%| F|  |TAMS 0x0000000087b00000, 0x0000000087b00000| Untracked 
|  94|0x0000000087c00000, 0x0000000087c00000, 0x0000000087d00000|  0%| F|  |TAMS 0x0000000087c00000, 0x0000000087c00000| Untracked 
|  95|0x0000000087d00000, 0x0000000087d00000, 0x0000000087e00000|  0%| F|  |TAMS 0x0000000087d00000, 0x0000000087d00000| Untracked 
|  96|0x0000000087e00000, 0x0000000087e00000, 0x0000000087f00000|  0%| F|  |TAMS 0x0000000087e00000, 0x0000000087e00000| Untracked 
|  97|0x0000000087f00000, 0x0000000087f00000, 0x0000000088000000|  0%| F|  |TAMS 0x0000000087f00000, 0x0000000087f00000| Untracked 
|  98|0x0000000088000000, 0x0000000088000000, 0x0000000088100000|  0%| F|  |TAMS 0x0000000088000000, 0x0000000088000000| Untracked 
|  99|0x0000000088100000, 0x0000000088100000, 0x0000000088200000|  0%| F|  |TAMS 0x0000000088100000, 0x0000000088100000| Untracked 
| 100|0x0000000088200000, 0x0000000088200000, 0x0000000088300000|  0%| F|  |TAMS 0x0000000088200000, 0x0000000088200000| Untracked 
| 101|0x0000000088300000, 0x0000000088300000, 0x0000000088400000|  0%| F|  |TAMS 0x0000000088300000, 0x0000000088300000| Untracked 
| 102|0x0000000088400000, 0x0000000088400000, 0x0000000088500000|  0%| F|  |TAMS 0x0000000088400000, 0x0000000088400000| Untracked 
| 103|0x0000000088500000, 0x0000000088500000, 0x0000000088600000|  0%| F|  |TAMS 0x0000000088500000, 0x0000000088500000| Untracked 
| 104|0x0000000088600000, 0x0000000088600000, 0x0000000088700000|  0%| F|  |TAMS 0x0000000088600000, 0x0000000088600000| Untracked 
| 105|0x0000000088700000, 0x0000000088700000, 0x0000000088800000|  0%| F|  |TAMS 0x0000000088700000, 0x0000000088700000| Untracked 
| 106|0x0000000088800000, 0x0000000088800000, 0x0000000088900000|  0%| F|  |TAMS 0x0000000088800000, 0x0000000088800000| Untracked 
| 107|0x0000000088900000, 0x0000000088900000, 0x0000000088a00000|  0%| F|  |TAMS 0x0000000088900000, 0x0000000088900000| Untracked 
| 108|0x0000000088a00000, 0x0000000088a00000, 0x0000000088b00000|  0%| F|  |TAMS 0x0000000088a00000, 0x0000000088a00000| Untracked 
| 109|0x0000000088b00000, 0x0000000088b00000, 0x0000000088c00000|  0%| F|  |TAMS 0x0000000088b00000, 0x0000000088b00000| Untracked 
| 110|0x0000000088c00000, 0x0000000088c00000, 0x0000000088d00000|  0%| F|  |TAMS 0x0000000088c00000, 0x0000000088c00000| Untracked 
| 111|0x0000000088d00000, 0x0000000088d00000, 0x0000000088e00000|  0%| F|  |TAMS 0x0000000088d00000, 0x0000000088d00000| Untracked 
| 112|0x0000000088e00000, 0x0000000088e00000, 0x0000000088f00000|  0%| F|  |TAMS 0x0000000088e00000, 0x0000000088e00000| Untracked 
| 113|0x0000000088f00000, 0x0000000088f00000, 0x0000000089000000|  0%| F|  |TAMS 0x0000000088f00000, 0x0000000088f00000| Untracked 
| 114|0x0000000089000000, 0x0000000089080800, 0x0000000089100000| 50%| E|  |TAMS 0x0000000089000000, 0x0000000089000000| Complete 
| 115|0x0000000089100000, 0x0000000089200000, 0x0000000089200000|100%| E|CS|TAMS 0x0000000089100000, 0x0000000089100000| Complete 
| 116|0x0000000089200000, 0x0000000089300000, 0x0000000089300000|100%| E|CS|TAMS 0x0000000089200000, 0x0000000089200000| Complete 
| 117|0x0000000089300000, 0x0000000089400000, 0x0000000089400000|100%| E|CS|TAMS 0x0000000089300000, 0x0000000089300000| Complete 
| 118|0x0000000089400000, 0x0000000089500000, 0x0000000089500000|100%| E|CS|TAMS 0x0000000089400000, 0x0000000089400000| Complete 
| 119|0x0000000089500000, 0x0000000089600000, 0x0000000089600000|100%| E|CS|TAMS 0x0000000089500000, 0x0000000089500000| Complete 
| 120|0x0000000089600000, 0x0000000089700000, 0x0000000089700000|100%| E|CS|TAMS 0x0000000089600000, 0x0000000089600000| Complete 
| 121|0x0000000089700000, 0x0000000089800000, 0x0000000089800000|100%| E|CS|TAMS 0x0000000089700000, 0x0000000089700000| Complete 
| 122|0x0000000089800000, 0x0000000089900000, 0x0000000089900000|100%| E|CS|TAMS 0x0000000089800000, 0x0000000089800000| Complete 
| 123|0x0000000089900000, 0x0000000089a00000, 0x0000000089a00000|100%| E|CS|TAMS 0x0000000089900000, 0x0000000089900000| Complete 
| 124|0x0000000089a00000, 0x0000000089b00000, 0x0000000089b00000|100%| E|CS|TAMS 0x0000000089a00000, 0x0000000089a00000| Complete 
| 125|0x0000000089b00000, 0x0000000089c00000, 0x0000000089c00000|100%| E|CS|TAMS 0x0000000089b00000, 0x0000000089b00000| Complete 
| 126|0x0000000089c00000, 0x0000000089d00000, 0x0000000089d00000|100%| E|CS|TAMS 0x0000000089c00000, 0x0000000089c00000| Complete 
| 127|0x0000000089d00000, 0x0000000089e00000, 0x0000000089e00000|100%| E|CS|TAMS 0x0000000089d00000, 0x0000000089d00000| Complete 

Card table byte_map: [0x0000025a688a0000,0x0000025a68ca0000] _byte_map_base: 0x0000025a68491000

Marking Bits (Prev, Next): (CMBitMap*) 0x0000025a515976a0, (CMBitMap*) 0x0000025a515976e0
 Prev Bits: [0x0000025a690a0000, 0x0000025a6b028000)
 Next Bits: [0x0000025a6b030000, 0x0000025a6cfb8000)

Polling page: 0x0000025a4f480000

Metaspace:

Usage:
  Non-class:     14.92 MB used.
      Class:      1.85 MB used.
       Both:     16.77 MB used.

Virtual space:
  Non-class space:       64.00 MB reserved,      15.06 MB ( 24%) committed,  1 nodes.
      Class space:        1.00 GB reserved,       1.94 MB ( <1%) committed,  1 nodes.
             Both:        1.06 GB reserved,      17.00 MB (  2%) committed. 

Chunk freelists:
   Non-Class:  848.00 KB
       Class:  1.90 MB
        Both:  2.73 MB

MaxMetaspaceSize: unlimited
CompressedClassSpaceSize: 1.00 GB
Initial GC threshold: 21.00 MB
Current GC threshold: 21.00 MB
CDS: on
MetaspaceReclaimPolicy: balanced
 - commit_granule_bytes: 65536.
 - commit_granule_words: 8192.
 - virtual_space_node_default_size: 8388608.
 - enlarge_chunks_in_place: 1.
 - new_chunks_are_fully_committed: 0.
 - uncommit_free_chunks: 1.
 - use_allocation_guard: 0.


Internal statistics:

num_allocs_failed_limit: 0.
num_arena_births: 182.
num_arena_deaths: 0.
num_vsnodes_births: 2.
num_vsnodes_deaths: 0.
num_space_committed: 272.
num_space_uncommitted: 0.
num_chunks_returned_to_freelist: 0.
num_chunks_taken_from_freelist: 778.
num_chunk_merges: 0.
num_chunk_splits: 533.
num_chunks_enlarged: 432.
num_inconsistent_stats: 0.

CodeHeap 'non-profiled nmethods': size=120000Kb used=2274Kb max_used=2274Kb free=117725Kb
 bounds [0x0000025a60f70000, 0x0000025a611e0000, 0x0000025a684a0000]
CodeHeap 'profiled nmethods': size=120000Kb used=10139Kb max_used=10139Kb free=109860Kb
 bounds [0x0000025a594a0000, 0x0000025a59e90000, 0x0000025a609d0000]
CodeHeap 'non-nmethods': size=5760Kb used=1269Kb max_used=1317Kb free=4490Kb
 bounds [0x0000025a609d0000, 0x0000025a60c40000, 0x0000025a60f70000]
 total_blobs=5138 nmethods=4657 adapters=391
 compilation: enabled
              stopped_count=0, restarted_count=0
 full_count=0

Compilation events (20 events):
Event: 63.392 Thread 0x0000025a6f4ed620 nmethod 4609 0x0000025a59e66d10 code [0x0000025a59e66f20, 0x0000025a59e67588]
Event: 63.392 Thread 0x0000025a6f4ed620 4610       3       org.eclipse.aether.named.providers.LocalReadWriteLockNamedLockFactory::createLock (6 bytes)
Event: 63.392 Thread 0x0000025a6f4ed620 nmethod 4610 0x0000025a59e67810 code [0x0000025a59e679c0, 0x0000025a59e67b08]
Event: 63.392 Thread 0x0000025a6f4ed620 4611       3       org.eclipse.aether.named.support.ReadWriteLockNamedLock::<init> (24 bytes)
Event: 63.393 Thread 0x0000025a6f4ed620 nmethod 4611 0x0000025a59e67b90 code [0x0000025a59e67da0, 0x0000025a59e684b8]
Event: 63.393 Thread 0x0000025a6f4ed620 4612       3       org.eclipse.aether.named.support.NamedLockSupport::lockShared (82 bytes)
Event: 63.393 Thread 0x0000025a6f4ed620 nmethod 4612 0x0000025a59e68790 code [0x0000025a59e689a0, 0x0000025a59e690d8]
Event: 63.393 Thread 0x0000025a6f4ed620 4613       3       org.eclipse.aether.named.support.ReadWriteLockNamedLock$$Lambda$126/0x00000008011ae9f0::get (8 bytes)
Event: 63.394 Thread 0x0000025a6f4ed620 nmethod 4613 0x0000025a59e69310 code [0x0000025a59e694c0, 0x0000025a59e69838]
Event: 63.394 Thread 0x0000025a6f4ed620 4614       3       java.util.concurrent.locks.ReentrantReadWriteLock$ReadLock::tryLock (14 bytes)
Event: 63.394 Thread 0x0000025a6f4ed620 nmethod 4614 0x0000025a59e69990 code [0x0000025a59e69b40, 0x0000025a59e69cd8]
Event: 63.394 Thread 0x0000025a6f4ed620 4615       3       java.util.concurrent.locks.AbstractQueuedSynchronizer::tryAcquireSharedNanos (62 bytes)
Event: 63.394 Thread 0x0000025a6f4ed620 nmethod 4615 0x0000025a59e69e10 code [0x0000025a59e6a020, 0x0000025a59e6a738]
Event: 64.383 Thread 0x0000025a6f4ed620 4616       3       org.eclipse.aether.named.support.NamedLockFactorySupport$$Lambda$128/0x00000008011b0000::apply (16 bytes)
Event: 64.383 Thread 0x0000025a6f4ed620 nmethod 4616 0x0000025a59e6a910 code [0x0000025a59e6ab00, 0x0000025a59e6b198]
Event: 64.383 Thread 0x0000025a6f4ed620 4617       3       org.eclipse.aether.named.support.NamedLockFactorySupport::destroyLock (1 bytes)
Event: 64.383 Thread 0x0000025a6f4ed620 nmethod 4617 0x0000025a59e6b390 code [0x0000025a59e6b520, 0x0000025a59e6b638]
Event: 64.690 Thread 0x0000025a6f485e50 4618   !   4       org.codehaus.plexus.interpolation.StringSearchInterpolator::interpolate (668 bytes)
Event: 65.122 Thread 0x0000025a6f4ed620 4619       3       org.eclipse.aether.named.support.NamedLockSupport::unlock (36 bytes)
Event: 65.122 Thread 0x0000025a6f4ed620 nmethod 4619 0x0000025a59e6b710 code [0x0000025a59e6b900, 0x0000025a59e6bd78]

GC Heap History (10 events):
Event: 19.369 GC heap before
{Heap before GC invocations=0 (full 0):
 garbage-first heap   total 131072K, used 13312K [0x0000000081e00000, 0x0000000100000000)
  region size 1024K, 13 young (13312K), 0 survivors (0K)
 Metaspace       used 3718K, committed 3968K, reserved 1114112K
  class space    used 384K, committed 512K, reserved 1048576K
}
Event: 20.152 GC heap after
{Heap after GC invocations=1 (full 0):
 garbage-first heap   total 131072K, used 3289K [0x0000000081e00000, 0x0000000100000000)
  region size 1024K, 2 young (2048K), 2 survivors (2048K)
 Metaspace       used 3718K, committed 3968K, reserved 1114112K
  class space    used 384K, committed 512K, reserved 1048576K
}
Event: 24.068 GC heap before
{Heap before GC invocations=1 (full 0):
 garbage-first heap   total 131072K, used 6361K [0x0000000081e00000, 0x0000000100000000)
  region size 1024K, 6 young (6144K), 2 survivors (2048K)
 Metaspace       used 4871K, committed 5120K, reserved 1114112K
  class space    used 547K, committed 640K, reserved 1048576K
}
Event: 24.110 GC heap after
{Heap after GC invocations=2 (full 0):
 garbage-first heap   total 131072K, used 3547K [0x0000000081e00000, 0x0000000100000000)
  region size 1024K, 1 young (1024K), 1 survivors (1024K)
 Metaspace       used 4871K, committed 5120K, reserved 1114112K
  class space    used 547K, committed 640K, reserved 1048576K
}
Event: 27.307 GC heap before
{Heap before GC invocations=2 (full 0):
 garbage-first heap   total 131072K, used 16859K [0x0000000081e00000, 0x0000000100000000)
  region size 1024K, 15 young (15360K), 1 survivors (1024K)
 Metaspace       used 6535K, committed 6720K, reserved 1114112K
  class space    used 753K, committed 832K, reserved 1048576K
}
Event: 27.309 GC heap after
{Heap after GC invocations=3 (full 0):
 garbage-first heap   total 131072K, used 3983K [0x0000000081e00000, 0x0000000100000000)
  region size 1024K, 1 young (1024K), 1 survivors (1024K)
 Metaspace       used 6535K, committed 6720K, reserved 1114112K
  class space    used 753K, committed 832K, reserved 1048576K
}
Event: 37.610 GC heap before
{Heap before GC invocations=3 (full 0):
 garbage-first heap   total 131072K, used 62351K [0x0000000081e00000, 0x0000000100000000)
  region size 1024K, 58 young (59392K), 1 survivors (1024K)
 Metaspace       used 15428K, committed 15680K, reserved 1114112K
  class space    used 1788K, committed 1920K, reserved 1048576K
}
Event: 37.622 GC heap after
{Heap after GC invocations=4 (full 0):
 garbage-first heap   total 131072K, used 9218K [0x0000000081e00000, 0x0000000100000000)
  region size 1024K, 6 young (6144K), 6 survivors (6144K)
 Metaspace       used 15428K, committed 15680K, reserved 1114112K
  class space    used 1788K, committed 1920K, reserved 1048576K
}
Event: 57.927 GC heap before
{Heap before GC invocations=4 (full 0):
 garbage-first heap   total 131072K, used 80898K [0x0000000081e00000, 0x0000000100000000)
  region size 1024K, 76 young (77824K), 6 survivors (6144K)
 Metaspace       used 16630K, committed 16960K, reserved 1114112K
  class space    used 1854K, committed 1984K, reserved 1048576K
}
Event: 57.949 GC heap after
{Heap after GC invocations=5 (full 0):
 garbage-first heap   total 131072K, used 14257K [0x0000000081e00000, 0x0000000100000000)
  region size 1024K, 6 young (6144K), 6 survivors (6144K)
 Metaspace       used 16630K, committed 16960K, reserved 1114112K
  class space    used 1854K, committed 1984K, reserved 1048576K
}

Dll operation events (8 events):
Event: 0.023 Loaded shared library C:\Program Files\Java\jdk-19\bin\java.dll
Event: 0.051 Loaded shared library C:\Program Files\Java\jdk-19\bin\jsvml.dll
Event: 0.203 Loaded shared library C:\Program Files\Java\jdk-19\bin\net.dll
Event: 0.205 Loaded shared library C:\Program Files\Java\jdk-19\bin\nio.dll
Event: 0.599 Loaded shared library C:\Program Files\Java\jdk-19\bin\zip.dll
Event: 1.226 Loaded shared library C:\Program Files\Java\jdk-19\bin\jimage.dll
Event: 10.750 Loaded shared library C:\Users\eljea\AppData\Local\Temp\jansi-2.4.1-70f2fe0a35005850-jansi.dll
Event: 11.095 Loaded shared library C:\Program Files\Java\jdk-19\bin\verify.dll

Deoptimization events (20 events):
Event: 58.808 Thread 0x0000025a51539710 DEOPT PACKING pc=0x0000025a59570579 sp=0x000000623dffd2b0
Event: 58.808 Thread 0x0000025a51539710 DEOPT UNPACKING pc=0x0000025a60a37543 sp=0x000000623dffc790 mode 0
Event: 58.965 Thread 0x0000025a51539710 DEOPT PACKING pc=0x0000025a596cc90e sp=0x000000623dffd080
Event: 58.965 Thread 0x0000025a51539710 DEOPT UNPACKING pc=0x0000025a60a37543 sp=0x000000623dffc600 mode 0
Event: 59.101 Thread 0x0000025a51539710 Uncommon trap: trap_request=0xffffff45 fr.pc=0x0000025a6116f440 relative=0x00000000000002c0
Event: 59.101 Thread 0x0000025a51539710 Uncommon trap: reason=unstable_if action=reinterpret pc=0x0000025a6116f440 method=org.eclipse.aether.artifact.AbstractArtifact.equals(Ljava/lang/Object;)Z @ 114 c2
Event: 59.101 Thread 0x0000025a51539710 DEOPT PACKING pc=0x0000025a6116f440 sp=0x000000623dffd810
Event: 59.101 Thread 0x0000025a51539710 DEOPT UNPACKING pc=0x0000025a60a36da3 sp=0x000000623dffd798 mode 2
Event: 59.121 Thread 0x0000025a51539710 Uncommon trap: trap_request=0xffffff45 fr.pc=0x0000025a61152e30 relative=0x00000000000006f0
Event: 59.121 Thread 0x0000025a51539710 Uncommon trap: reason=unstable_if action=reinterpret pc=0x0000025a61152e30 method=org.eclipse.aether.artifact.DefaultArtifact.<init>(Ljava/lang/String;Ljava/lang/String;Ljava/lang/String;Ljava/lang/String;Ljava/lang/String;Ljava/util/Map;Lorg/eclipse/aeth
Event: 59.121 Thread 0x0000025a51539710 DEOPT PACKING pc=0x0000025a61152e30 sp=0x000000623dffd560
Event: 59.121 Thread 0x0000025a51539710 DEOPT UNPACKING pc=0x0000025a60a36da3 sp=0x000000623dffd550 mode 2
Event: 59.123 Thread 0x0000025a51539710 Uncommon trap: trap_request=0xffffff45 fr.pc=0x0000025a61155348 relative=0x0000000000000ac8
Event: 59.123 Thread 0x0000025a51539710 Uncommon trap: reason=unstable_if action=reinterpret pc=0x0000025a61155348 method=org.eclipse.aether.graph.Dependency$Exclusions.copy(Ljava/util/Collection;)Ljava/util/Set; @ 1 c2
Event: 59.123 Thread 0x0000025a51539710 DEOPT PACKING pc=0x0000025a61155348 sp=0x000000623dffd390
Event: 59.123 Thread 0x0000025a51539710 DEOPT UNPACKING pc=0x0000025a60a36da3 sp=0x000000623dffd338 mode 2
Event: 59.725 Thread 0x0000025a51539710 Uncommon trap: trap_request=0xffffff45 fr.pc=0x0000025a6119244c relative=0x000000000000448c
Event: 59.725 Thread 0x0000025a51539710 Uncommon trap: reason=unstable_if action=reinterpret pc=0x0000025a6119244c method=org.codehaus.plexus.interpolation.util.StringUtils.capitalizeFirstLetter(Ljava/lang/String;)Ljava/lang/String; @ 13 c2
Event: 59.725 Thread 0x0000025a51539710 DEOPT PACKING pc=0x0000025a6119244c sp=0x000000623dffc170
Event: 59.726 Thread 0x0000025a51539710 DEOPT UNPACKING pc=0x0000025a60a36da3 sp=0x000000623dffc098 mode 2

Classes loaded (20 events):
Event: 35.903 Loading class sun/util/resources/LocaleData$LocaleDataResourceBundleProvider done
Event: 35.903 Loading class sun/util/resources/LocaleData$CommonResourceBundleProvider done
Event: 35.903 Loading class sun/util/resources/Bundles$2
Event: 35.927 Loading class sun/util/resources/Bundles$2 done
Event: 36.100 Loading class java/util/StringTokenizer
Event: 36.127 Loading class java/util/StringTokenizer done
Event: 36.253 Loading class java/util/stream/Streams$RangeIntSpliterator
Event: 36.279 Loading class java/util/stream/Streams$RangeIntSpliterator done
Event: 40.794 Loading class java/util/stream/MatchOps$MatchKind
Event: 40.821 Loading class java/util/stream/MatchOps$MatchKind done
Event: 40.822 Loading class java/util/stream/MatchOps
Event: 40.822 Loading class java/util/stream/MatchOps done
Event: 40.822 Loading class java/util/stream/MatchOps$MatchOp
Event: 40.822 Loading class java/util/stream/MatchOps$MatchOp done
Event: 40.822 Loading class java/util/stream/MatchOps$BooleanTerminalSink
Event: 40.854 Loading class java/util/stream/MatchOps$BooleanTerminalSink done
Event: 40.856 Loading class java/util/stream/MatchOps$1MatchSink
Event: 40.876 Loading class java/util/stream/MatchOps$1MatchSink done
Event: 49.514 Loading class sun/nio/cs/ISO_8859_1$Decoder
Event: 49.542 Loading class sun/nio/cs/ISO_8859_1$Decoder done

Classes unloaded (0 events):
No events

Classes redefined (0 events):
No events

Internal exceptions (20 events):
Event: 31.558 Thread 0x0000025a51539710 Exception <a 'java/lang/NoSuchMethodError'{0x0000000087f61048}: 'java.lang.Object java.lang.invoke.Invokers$Holder.invokeExact_MT(java.lang.Object, int, java.lang.Object)'> (0x0000000087f61048) 
thrown [s\open\src\hotspot\share\interpreter\linkResolver.cpp, line 774]
Event: 32.339 Thread 0x0000025a51539710 Exception <a 'java/lang/NoSuchMethodError'{0x000000008778dbb8}: 'void java.lang.invoke.Invokers$Holder.invokeExact_MT(java.lang.Object, java.lang.Object, java.lang.Object, java.lang.Object)'> (0x000000008778dbb8) 
thrown [s\open\src\hotspot\share\interpreter\linkResolver.cpp, line 774]
Event: 32.395 Thread 0x0000025a51539710 Exception <a 'java/lang/NoClassDefFoundError'{0x000000008762af90}: com/google/inject/servlet/ServletModuleTargetVisitor> (0x000000008762af90) 
thrown [s\open\src\hotspot\share\classfile\systemDictionary.cpp, line 244]
Event: 33.700 Thread 0x0000025a51539710 Exception <a 'java/lang/NoSuchMethodError'{0x00000000875fbb20}: 'void java.lang.invoke.DirectMethodHandle$Holder.invokeVirtual(java.lang.Object, java.lang.Object)'> (0x00000000875fbb20) 
thrown [s\open\src\hotspot\share\interpreter\linkResolver.cpp, line 774]
Event: 34.666 Thread 0x0000025a51539710 Exception <a 'java/lang/NoSuchMethodError'{0x000000008747b548}: 'java.lang.Object java.lang.invoke.DirectMethodHandle$Holder.invokeStaticInit(java.lang.Object, int, int, int, int)'> (0x000000008747b548) 
thrown [s\open\src\hotspot\share\interpreter\linkResolver.cpp, line 774]
Event: 35.503 Thread 0x0000025a51539710 Implicit null exception at 0x0000025a60f9bff2 to 0x0000025a60f9c4dc
Event: 35.503 Thread 0x0000025a51539710 Implicit null exception at 0x0000025a60fa08f2 to 0x0000025a60fa0dd0
Event: 35.655 Thread 0x0000025a51539710 Implicit null exception at 0x0000025a6100041e to 0x0000025a610005d0
Event: 35.719 Thread 0x0000025a51539710 Exception <a 'java/lang/NoSuchMethodError'{0x0000000086e04578}: 'void java.lang.invoke.DirectMethodHandle$Holder.invokeSpecial(java.lang.Object, java.lang.Object, java.lang.Object, java.lang.Object, java.lang.Object)'> (0x0000000086e04578) 
thrown [s\open\src\hotspot\share\interpreter\linkResolver.cpp, line 774]
Event: 35.722 Thread 0x0000025a51539710 Exception <a 'java/lang/NoSuchMethodError'{0x0000000086e21d40}: 'void java.lang.invoke.DirectMethodHandle$Holder.invokeSpecial(java.lang.Object, java.lang.Object, java.lang.Object, java.lang.Object, java.lang.Object, java.lang.Object)'> (0x0000000086e21d40) 
thrown [s\open\src\hotspot\share\interpreter\linkResolver.cpp, line 774]
Event: 35.805 Thread 0x0000025a51539710 Exception <a 'java/lang/NoSuchMethodError'{0x0000000086d34ee8}: 'java.lang.Object java.lang.invoke.DirectMethodHandle$Holder.invokeVirtual(java.lang.Object, java.lang.Object, java.lang.Object)'> (0x0000000086d34ee8) 
thrown [s\open\src\hotspot\share\interpreter\linkResolver.cpp, line 774]
Event: 36.135 Thread 0x0000025a51539710 Exception <a 'java/lang/NoSuchMethodError'{0x0000000086b20f28}: 'void java.lang.invoke.DirectMethodHandle$Holder.invokeVirtual(java.lang.Object, java.lang.Object, int)'> (0x0000000086b20f28) 
thrown [s\open\src\hotspot\share\interpreter\linkResolver.cpp, line 774]
Event: 36.135 Thread 0x0000025a51539710 Exception <a 'java/lang/NoSuchMethodError'{0x0000000086b24f88}: 'void java.lang.invoke.DirectMethodHandle$Holder.invokeSpecial(java.lang.Object, java.lang.Object, java.lang.Object, int)'> (0x0000000086b24f88) 
thrown [s\open\src\hotspot\share\interpreter\linkResolver.cpp, line 774]
Event: 36.136 Thread 0x0000025a51539710 Exception <a 'java/lang/NoSuchMethodError'{0x0000000086b288d8}: 'void java.lang.invoke.DelegatingMethodHandle$Holder.reinvoke_L(java.lang.Object, java.lang.Object, int)'> (0x0000000086b288d8) 
thrown [s\open\src\hotspot\share\interpreter\linkResolver.cpp, line 774]
Event: 41.361 Thread 0x0000025a51539710 Implicit null exception at 0x0000025a610756c6 to 0x0000025a61076748
Event: 41.362 Thread 0x0000025a51539710 Implicit null exception at 0x0000025a6100ddea to 0x0000025a6100dfb0
Event: 41.362 Thread 0x0000025a51539710 Implicit null exception at 0x0000025a6108853b to 0x0000025a61088ccc
Event: 58.064 Thread 0x0000025a51539710 Implicit null exception at 0x0000025a60fe8e2f to 0x0000025a60fe8ea9
Event: 59.116 Thread 0x0000025a51539710 Exception <a 'java/lang/NoSuchMethodError'{0x00000000899226b8}: 'java.lang.Object java.lang.invoke.DirectMethodHandle$Holder.newInvokeSpecial(java.lang.Object, java.lang.Object, java.lang.Object, java.lang.Object, java.lang.Object, java.lang.Object, java.lang.Object)'> (0x00000000899226b8) 
thrown [s\open\src\hotspot\share\interpreter\linkResolver.cpp, line 774]
Event: 59.123 Thread 0x0000025a51539710 Implicit null exception at 0x0000025a611548c6 to 0x0000025a61155324

VM Operations (20 events):
Event: 54.993 Executing VM operation: Cleanup
Event: 54.993 Executing VM operation: Cleanup done
Event: 55.996 Executing VM operation: Cleanup
Event: 55.996 Executing VM operation: Cleanup done
Event: 57.005 Executing VM operation: Cleanup
Event: 57.005 Executing VM operation: Cleanup done
Event: 57.926 Executing VM operation: G1CollectForAllocation
Event: 57.949 Executing VM operation: G1CollectForAllocation done
Event: 58.954 Executing VM operation: Cleanup
Event: 58.954 Executing VM operation: Cleanup done
Event: 59.957 Executing VM operation: Cleanup
Event: 59.957 Executing VM operation: Cleanup done
Event: 60.960 Executing VM operation: Cleanup
Event: 60.960 Executing VM operation: Cleanup done
Event: 62.979 Executing VM operation: Cleanup
Event: 62.979 Executing VM operation: Cleanup done
Event: 63.983 Executing VM operation: Cleanup
Event: 63.983 Executing VM operation: Cleanup done
Event: 64.988 Executing VM operation: Cleanup
Event: 64.988 Executing VM operation: Cleanup done

Events (17 events):
Event: 0.052 Thread 0x0000025a51539710 Thread added: 0x0000025a51539710
Event: 0.094 Thread 0x0000025a6f47ea60 Thread added: 0x0000025a6f47ea60
Event: 0.095 Thread 0x0000025a6f47f850 Thread added: 0x0000025a6f47f850
Event: 0.097 Thread 0x0000025a6f480640 Thread added: 0x0000025a6f480640
Event: 0.097 Thread 0x0000025a6f483f90 Thread added: 0x0000025a6f483f90
Event: 0.097 Thread 0x0000025a6f4848c0 Thread added: 0x0000025a6f4848c0
Event: 0.097 Thread 0x0000025a6f4851f0 Thread added: 0x0000025a6f4851f0
Event: 0.097 Thread 0x0000025a6f485e50 Thread added: 0x0000025a6f485e50
Event: 0.131 Thread 0x0000025a6f4ed620 Thread added: 0x0000025a6f4ed620
Event: 0.140 Thread 0x0000025a6f4edba0 Thread added: 0x0000025a6f4edba0
Event: 0.186 Thread 0x0000025a738cb870 Thread added: 0x0000025a738cb870
Event: 0.197 Thread 0x0000025a738d0a40 Thread added: 0x0000025a738d0a40
Event: 10.069 Thread 0x0000025a73c583e0 Thread added: 0x0000025a73c583e0
Event: 10.213 Thread 0x0000025a73c583e0 Thread exited: 0x0000025a73c583e0
Event: 25.794 Thread 0x0000025a7415f690 Thread added: 0x0000025a7415f690
Event: 26.556 Thread 0x0000025a7415f690 Thread exited: 0x0000025a7415f690
Event: 35.179 Thread 0x0000025a742a2990 Thread added: 0x0000025a742a2990


Dynamic libraries:
0x00007ff7c6900000 - 0x00007ff7c6910000 	C:\Program Files\Java\jdk-19\bin\java.exe
0x00007fff9cf50000 - 0x00007fff9d148000 	C:\Windows\SYSTEM32\ntdll.dll
0x00007fff9c590000 - 0x00007fff9c652000 	C:\Windows\System32\KERNEL32.DLL
0x00007fff9a9d0000 - 0x00007fff9acc6000 	C:\Windows\System32\KERNELBASE.dll
0x00007fff9a880000 - 0x00007fff9a980000 	C:\Windows\System32\ucrtbase.dll
0x00007fff6edf0000 - 0x00007fff6ee0b000 	C:\Program Files\Java\jdk-19\bin\VCRUNTIME140.dll
0x00007fff6a560000 - 0x00007fff6a578000 	C:\Program Files\Java\jdk-19\bin\jli.dll
0x00007fff9ba00000 - 0x00007fff9bab1000 	C:\Windows\System32\ADVAPI32.dll
0x00007fff9ce70000 - 0x00007fff9cf0e000 	C:\Windows\System32\msvcrt.dll
0x00007fff9be70000 - 0x00007fff9bf0f000 	C:\Windows\System32\sechost.dll
0x00007fff9b720000 - 0x00007fff9b840000 	C:\Windows\System32\RPCRT4.dll
0x00007fff9ae30000 - 0x00007fff9ae57000 	C:\Windows\System32\bcrypt.dll
0x00007fff9b500000 - 0x00007fff9b6a1000 	C:\Windows\System32\USER32.dll
0x00007fff9a690000 - 0x00007fff9a6b2000 	C:\Windows\System32\win32u.dll
0x00007fff9be40000 - 0x00007fff9be6b000 	C:\Windows\System32\GDI32.dll
0x00007fff9a760000 - 0x00007fff9a879000 	C:\Windows\System32\gdi32full.dll
0x00007fff9a6c0000 - 0x00007fff9a75d000 	C:\Windows\System32\msvcp_win.dll
0x00007fff8c500000 - 0x00007fff8c79b000 	C:\Windows\WinSxS\amd64_microsoft.windows.common-controls_6595b64144ccf1df_6.0.19041.6456_none_60b8a6cb71f64256\COMCTL32.dll
0x00007fff91b40000 - 0x00007fff91b4a000 	C:\Windows\SYSTEM32\VERSION.dll
0x00007fff9b8a0000 - 0x00007fff9b8cf000 	C:\Windows\System32\IMM32.DLL
0x00007fff6fe70000 - 0x00007fff6fe7c000 	C:\Program Files\Java\jdk-19\bin\vcruntime140_1.dll
0x00007fff60020000 - 0x00007fff600ae000 	C:\Program Files\Java\jdk-19\bin\msvcp140.dll
0x00007fff4d4e0000 - 0x00007fff4e1a0000 	C:\Program Files\Java\jdk-19\bin\server\jvm.dll
0x00007fff7e4c0000 - 0x00007fff7e4c9000 	C:\Windows\SYSTEM32\WSOCK32.dll
0x00007fff9b6b0000 - 0x00007fff9b71b000 	C:\Windows\System32\WS2_32.dll
0x00007fff8a510000 - 0x00007fff8a537000 	C:\Windows\SYSTEM32\WINMM.dll
0x00007fff98350000 - 0x00007fff98362000 	C:\Windows\SYSTEM32\kernel.appcore.dll
0x00007fff6f830000 - 0x00007fff6f83a000 	C:\Program Files\Java\jdk-19\bin\jimage.dll
0x00007fff8b3f0000 - 0x00007fff8b5f1000 	C:\Windows\SYSTEM32\DBGHELP.DLL
0x00007fff92a50000 - 0x00007fff92a84000 	C:\Windows\SYSTEM32\dbgcore.DLL
0x00007fff9aee0000 - 0x00007fff9af62000 	C:\Windows\System32\bcryptPrimitives.dll
0x00007fff67880000 - 0x00007fff678a6000 	C:\Program Files\Java\jdk-19\bin\java.dll
0x00007fff5fb30000 - 0x00007fff5fc07000 	C:\Program Files\Java\jdk-19\bin\jsvml.dll
0x00007fff9c700000 - 0x00007fff9ce70000 	C:\Windows\System32\SHELL32.dll
0x00007fff98630000 - 0x00007fff98dd5000 	C:\Windows\SYSTEM32\windows.storage.dll
0x00007fff9af70000 - 0x00007fff9b2c4000 	C:\Windows\System32\combase.dll
0x00007fff9a010000 - 0x00007fff9a03b000 	C:\Windows\SYSTEM32\Wldp.dll
0x00007fff9b8d0000 - 0x00007fff9b99d000 	C:\Windows\System32\OLEAUT32.dll
0x00007fff9bd90000 - 0x00007fff9be3d000 	C:\Windows\System32\SHCORE.dll
0x00007fff9b9a0000 - 0x00007fff9b9fb000 	C:\Windows\System32\shlwapi.dll
0x00007fff9a510000 - 0x00007fff9a534000 	C:\Windows\SYSTEM32\profapi.dll
0x00007fff65450000 - 0x00007fff65463000 	C:\Program Files\Java\jdk-19\bin\net.dll
0x00007fff8fa60000 - 0x00007fff8fb6a000 	C:\Windows\SYSTEM32\WINHTTP.dll
0x00007fff99d70000 - 0x00007fff99dda000 	C:\Windows\system32\mswsock.dll
0x00007fff65430000 - 0x00007fff65446000 	C:\Program Files\Java\jdk-19\bin\nio.dll
0x00007fff65310000 - 0x00007fff65328000 	C:\Program Files\Java\jdk-19\bin\zip.dll
0x00007fff61110000 - 0x00007fff61134000 	C:\Users\eljea\AppData\Local\Temp\jansi-2.4.1-70f2fe0a35005850-jansi.dll
0x00007fff6f320000 - 0x00007fff6f330000 	C:\Program Files\Java\jdk-19\bin\verify.dll

dbghelp: loaded successfully - version: 4.0.5 - missing functions: none
symbol engine: initialized successfully - sym options: 0x614 - pdb path: .;C:\Program Files\Java\jdk-19\bin;C:\Windows\SYSTEM32;C:\Windows\WinSxS\amd64_microsoft.windows.common-controls_6595b64144ccf1df_6.0.19041.6456_none_60b8a6cb71f64256;C:\Program Files\Java\jdk-19\bin\server;C:\Users\eljea\AppData\Local\Temp

VM Arguments:
jvm_args: -Dmaven.multiModuleProjectDirectory=E:\IT access\backend-java 
java_command: org.apache.maven.wrapper.MavenWrapperMain spring-boot:run
java_class_path (initial): .mvn/wrapper/maven-wrapper.jar
Launcher Type: SUN_STANDARD

[Global flags]
     intx CICompilerCount                          = 3                                         {product} {ergonomic}
     uint ConcGCThreads                            = 1                                         {product} {ergonomic}
     uint G1ConcRefinementThreads                  = 4                                         {product} {ergonomic}
   size_t G1HeapRegionSize                         = 1048576                                   {product} {ergonomic}
    uintx GCDrainStackTargetSize                   = 64                                        {product} {ergonomic}
   size_t InitialHeapSize                          = 134217728                                 {product} {ergonomic}
   size_t MarkStackSize                            = 4194304                                   {product} {ergonomic}
   size_t MaxHeapSize                              = 2116026368                                {product} {ergonomic}
   size_t MaxNewSize                               = 1268776960                                {product} {ergonomic}
   size_t MinHeapDeltaBytes                        = 1048576                                   {product} {ergonomic}
   size_t MinHeapSize                              = 8388608                                   {product} {ergonomic}
    uintx NonNMethodCodeHeapSize                   = 5832780                                {pd product} {ergonomic}
    uintx NonProfiledCodeHeapSize                  = 122912730                              {pd product} {ergonomic}
    uintx ProfiledCodeHeapSize                     = 122912730                              {pd product} {ergonomic}
    uintx ReservedCodeCacheSize                    = 251658240                              {pd product} {ergonomic}
     bool SegmentedCodeCache                       = true                                      {product} {ergonomic}
   size_t SoftMaxHeapSize                          = 2116026368                             {manageable} {ergonomic}
     bool UseCompressedClassPointers               = true                           {product lp64_product} {ergonomic}
     bool UseCompressedOops                        = true                           {product lp64_product} {ergonomic}
     bool UseG1GC                                  = true                                      {product} {ergonomic}
     bool UseLargePagesIndividualAllocation        = false                                  {pd product} {ergonomic}

Logging:
Log output configuration:
 #0: stdout all=warning uptime,level,tags foldmultilines=false
 #1: stderr all=off uptime,level,tags foldmultilines=false

Environment Variables:
PATH=C:\Program Files\Git\mingw64\bin;C:\Program Files\Git\usr\bin;C:\Users\eljea\bin;C:\Users\eljea\AppData\Local\Programs\Microsoft VS Code;C:\Program Files\Common Files\Oracle\Java\javapath;C:\Program Files (x86)\Common Files\Oracle\Java\javapath;C:\Windows\system32;C:\Windows;C:\Windows\System32\Wbem;C:\Windows\System32\WindowsPowerShell\v1.0;C:\Windows\System32\OpenSSH;C:\Program Files\Microsoft SQL Server\Client SDK\ODBC\170\Tools\Binn;C:\Program Files\dotnet;C:\Program Files (x86)\Microsoft SQL Server\150\DTS\Binn;C:\Program Files (x86)\Microsoft SQL Server\150\Tools\Binn;C:\Program Files\Microsoft SQL Server\150\Tools\Binn;C:\Program Files\Microsoft SQL Server\150\DTS\Binn;C:\Program Files\Microsoft SQL Server\130\Tools\Binn;C:\Program Files\TortoiseSVN\bin;C:\Program Files\VisualSVN Server\bin;C:\Program Files\Git\cmd;C:\Program Files\nodejs;C:\Users\eljea\AppData\Local\Programs\Microsoft VS Code;C:\Program Files\Google\Chrome\Application;C:\Program Files\Common Files\Oracle\Java\javapath;C:\Program Files (x86)\Common Files\Oracle\Java\javapath;C:\Windows\system32;C:\Windows;C:\Windows\System32\Wbem;C:\Windows\System32\WindowsPowerShell\v1.0;C:\Windows\System32\OpenSSH;C:\Program Files\Microsoft SQL Server\Client SDK\ODBC\170\Tools\Binn;C:\Program Files\dotnet;C:\Program Files (x86)\Microsoft SQL Server\150\DTS\Binn;C:\Program Files (x86)\Microsoft SQL Server\150\Tools\Binn;C:\Program Files\Microsoft SQL Server\150\Tools\Binn;C:\Program Files\Microsoft SQL Server\150\DTS\Binn;C:\Program Files\Microsoft SQL Server\130\Tools\Binn;C:\Program Files\TortoiseSVN\bin;C:\Program Files\VisualSVN Server\bin;C:\Program Files\MySQL\MySQL Shell 8.0\bin;C:\Users\eljea\AppData\Local\Microsoft\WindowsApps;C:\Users\eljea\.dotnet\tools;C:\Program Files\Azure Data Studio\bin;C:\Program Files\JetBrains\IntelliJ IDEA Community Edition 2022.3.3\bin;C:\Users;C:\Users\eljea\AppData\Local\Programs\Windsurf\bin
USERNAME=eljea
TERM=xterm-256color
OS=Windows_NT
PROCESSOR_IDENTIFIER=Intel64 Family 6 Model 61 Stepping 4, GenuineIntel
TMP=C:\Users\eljea\AppData\Local\Temp
TEMP=C:\Users\eljea\AppData\Local\Temp



---------------  S Y S T E M  ---------------

OS:
 Windows 10 , 64 bit Build 19041 (10.0.19041.5915)
OS uptime: 0 days 6:36 hours

CPU: total 4 (initial active 4) (2 cores per cpu, 2 threads per core) family 6 model 61 stepping 4 microcode 0x2d, cx8, cmov, fxsr, ht, mmx, 3dnowpref, sse, sse2, sse3, ssse3, sse4.1, sse4.2, popcnt, lzcnt, tsc, tscinvbit, avx, avx2, aes, erms, clmul, bmi1, bmi2, rtm, adx, fma, vzeroupper, clflush, rdtscp

Memory: 4k page, system-wide physical 8067M (281M free)
TotalPageFile size 16259M (AvailPageFile size 45M)
current process WorkingSet (physical memory assigned to process): 170M, peak: 177M
current process commit charge ("private bytes"): 245M, peak: 255M

vm_info: Java HotSpot(TM) 64-Bit Server VM (19.0.2+7-44) for windows-amd64 JRE (19.0.2+7-44), built on 2022-11-30T18:02:09Z by "mach5one" with MS VC++ 17.1 (VS2022)

END.
